@I [HLS-0] Workspace C:/Users/s02so/simpleCounter/solution1 opened at Thu Jun 16 05:57:41 +0100 2016
@I [HLS-100] Command "config_clock -quiet -name default -period 10 -default=false "
@I [SYN-201] Setting up clock 'default' with a period of 10ns.
@I [HLS-100] Command 'config_clock' returned 0; elapsed 0.001Total elapsed time: 1.393 sec.
@I [HLS-100] Command "open_platform DefaultPlatform "
@I [HLS-100] Command 'open_platform' returned 0; elapsed 0Total elapsed time: 1.394 sec.
@I [HLS-100] Command "import_lib C:/Xilinx/Vivado_HLS/2016.2/common/technology/xilinx/zynq/zynq "
@I [HLS-100] Command "source C:/Xilinx/Vivado_HLS/2016.2/common/technology/xilinx/common/xilinx.lib "
@I [HLS-100] Command "source C:/Xilinx/Vivado_HLS/2016.2/common/technology/xilinx/interface/xilinx_interface.lib "
@I [HLS-100] Command "source C:/Xilinx/Vivado_HLS/2016.2/common/technology/xilinx/interface/plb46.lib "
@I [HLS-100] Command 'ap_source' returned 0; elapsed 0.002Total elapsed time: 1.405 sec.
@I [HLS-100] Command "source C:/Xilinx/Vivado_HLS/2016.2/common/technology/xilinx/interface/fsl.lib "
@I [HLS-100] Command 'ap_source' returned 0; elapsed 0.003Total elapsed time: 1.408 sec.
@I [HLS-100] Command "source C:/Xilinx/Vivado_HLS/2016.2/common/technology/xilinx/interface/axi4.lib "
@I [HLS-100] Command 'ap_source' returned 0; elapsed 0.003Total elapsed time: 1.411 sec.
@I [HLS-100] Command "source C:/Xilinx/Vivado_HLS/2016.2/common/technology/xilinx/interface/maxi.lib "
@I [HLS-100] Command 'ap_source' returned 0; elapsed 0.002Total elapsed time: 1.412 sec.
@I [HLS-100] Command "source C:/Xilinx/Vivado_HLS/2016.2/common/technology/xilinx/interface/saxilite.lib "
@I [HLS-100] Command 'ap_source' returned 0; elapsed 0.001Total elapsed time: 1.415 sec.
@I [HLS-100] Command 'ap_source' returned 0; elapsed 0.016Total elapsed time: 1.416 sec.
@I [HLS-100] Command "source C:/Xilinx/Vivado_HLS/2016.2/common/technology/xilinx/common/dsp48.lib "
@I [HLS-100] Command 'ap_source' returned 0; elapsed 0.003Total elapsed time: 1.419 sec.
@I [HLS-100] Command "source C:/Xilinx/Vivado_HLS/2016.2/common/technology/xilinx/ip/dds_compiler.lib "
@I [HLS-100] Command 'ap_source' returned 0; elapsed 0.002Total elapsed time: 1.421 sec.
@I [HLS-100] Command "source C:/Xilinx/Vivado_HLS/2016.2/common/technology/xilinx/ip/xfft.lib "
@I [HLS-100] Command 'ap_source' returned 0; elapsed 0.002Total elapsed time: 1.424 sec.
@I [HLS-100] Command "source C:/Xilinx/Vivado_HLS/2016.2/common/technology/xilinx/ip/xfir.lib "
@I [HLS-100] Command 'ap_source' returned 0; elapsed 0.002Total elapsed time: 1.426 sec.
@I [HLS-100] Command 'ap_source' returned 0; elapsed 0.031Total elapsed time: 1.428 sec.
@I [HLS-100] Command "source C:/Xilinx/Vivado_HLS/2016.2/common/technology/xilinx/common/xilinx_old.lib "
@I [HLS-100] Command 'ap_source' returned 0; elapsed 0.003Total elapsed time: 1.432 sec.
@I [HLS-100] Command "source C:/Xilinx/Vivado_HLS/2016.2/common/technology/xilinx/common/xilinx_vivado.lib "
@I [HLS-100] Command 'ap_source' returned 0; elapsed 0.003Total elapsed time: 1.435 sec.
@I [HLS-100] Command "source C:/Xilinx/Vivado_HLS/2016.2/common/technology/xilinx/common/xilinx.hlp "
@I [HLS-100] Command "source C:/Xilinx/Vivado_HLS/2016.2/common/technology/xilinx/common/target_info.tcl "
@I [HLS-100] Command 'ap_source' returned 0; elapsed 0.003Total elapsed time: 1.448 sec.
@I [HLS-100] Command "source C:/Xilinx/Vivado_HLS/2016.2/common/technology/xilinx/interface/xilinx_interface.hlp "
@I [HLS-100] Command "source C:/Xilinx/Vivado_HLS/2016.2/common/technology/xilinx/interface/maxi.hlp "
@I [HLS-100] Command 'ap_source' returned 0; elapsed 0.003Total elapsed time: 1.455 sec.
@I [HLS-100] Command "source C:/Xilinx/Vivado_HLS/2016.2/common/technology/xilinx/interface/saxilite.hlp "
@I [HLS-100] Command 'ap_source' returned 0; elapsed 0.003Total elapsed time: 1.458 sec.
@I [HLS-100] Command 'ap_source' returned 0; elapsed 0.01Total elapsed time: 1.459 sec.
@I [HLS-100] Command "source C:/Xilinx/Vivado_HLS/2016.2/common/technology/xilinx/common/dsp48.hlp "
@I [HLS-100] Command 'ap_source' returned 0; elapsed 0.005Total elapsed time: 1.464 sec.
@I [HLS-100] Command 'ap_source' returned 0; elapsed 0.026Total elapsed time: 1.466 sec.
@I [HLS-100] Command "source C:/Xilinx/Vivado_HLS/2016.2/common/technology/xilinx/zynq/dsp48e1.hlp "
@I [HLS-100] Command 'ap_source' returned 0; elapsed 0.003Total elapsed time: 1.469 sec.
@I [HLS-100] Command "get_default_platform "
@I [HLS-100] Command 'get_default_platform' returned 0; elapsed 0Total elapsed time: 1.469 sec.
@I [HLS-100] Command "config_chip_info -quiet -resource  {SLICE 13300}  {LUT 53200}     {FF 106400} {DSP48E 220}   {BRAM 280}  "
@I [HLS-100] Command 'config_chip_info' returned 0; elapsed 0Total elapsed time: 1.470 sec.
@I [HLS-100] Command "config_chip_info -quiet -speed medium "
@I [HLS-100] Command 'config_chip_info' returned 0; elapsed 0Total elapsed time: 1.470 sec.
@I [HLS-100] Command 'import_lib' returned 0; elapsed 0.078Total elapsed time: 1.471 sec.
@I [HLS-100] Command "source C:/Xilinx/Vivado_HLS/2016.2/common/technology/xilinx/zynq/zynq.gen "
@I [HLS-100] Command "source C:/Xilinx/Vivado_HLS/2016.2/common/technology/xilinx/common/virtex.gen "
@I [HLS-100] Command "source C:/Xilinx/Vivado_HLS/2016.2/common/technology/xilinx/common/xilinx.gen "
@I [HLS-100] Command "source C:/Xilinx/Vivado_HLS/2016.2/common/technology/xilinx/interface/plb46.gen "
@I [HLS-100] Command 'ap_source' returned 0; elapsed 0.004Total elapsed time: 1.484 sec.
@I [HLS-100] Command "source C:/Xilinx/Vivado_HLS/2016.2/common/technology/xilinx/interface/fsl.gen "
@I [HLS-100] Command 'ap_source' returned 0; elapsed 0.003Total elapsed time: 1.488 sec.
@I [HLS-100] Command "source C:/Xilinx/Vivado_HLS/2016.2/common/technology/xilinx/interface/axi4.gen "
@I [HLS-100] Command 'ap_source' returned 0; elapsed 0.005Total elapsed time: 1.495 sec.
@I [HLS-100] Command "source C:/Xilinx/Vivado_HLS/2016.2/common/technology/xilinx/interface/nativeAXI4.gen "
@I [HLS-100] Command "source C:/Xilinx/Vivado_HLS/2016.2/common/technology/xilinx/interface/saxilite.gen "
@I [HLS-100] Command 'ap_source' returned 0; elapsed 0.007Total elapsed time: 1.504 sec.
@I [HLS-100] Command "source C:/Xilinx/Vivado_HLS/2016.2/common/technology/xilinx/interface/maxi.gen "
@I [HLS-100] Command 'ap_source' returned 0; elapsed 0.013Total elapsed time: 1.519 sec.
@I [HLS-100] Command 'ap_source' returned 0; elapsed 0.024Total elapsed time: 1.519 sec.
@I [HLS-100] Command "source C:/Xilinx/Vivado_HLS/2016.2/common/technology/xilinx/scripts/xilinxcoregen.gen "
@I [HLS-100] Command 'ap_source' returned 0; elapsed 0.014Total elapsed time: 1.534 sec.
@I [HLS-100] Command "source C:/Xilinx/Vivado_HLS/2016.2/common/technology/xilinx/interface/XilEDKCoreGen.gen "
@I [HLS-100] Command 'ap_source' returned 0; elapsed 0.012Total elapsed time: 1.546 sec.
@I [HLS-100] Command "source C:/Xilinx/Vivado_HLS/2016.2/common/technology/xilinx/ip/dds_compiler.gen "
@I [HLS-100] Command 'ap_source' returned 0; elapsed 0.007Total elapsed time: 1.554 sec.
@I [HLS-100] Command "source C:/Xilinx/Vivado_HLS/2016.2/common/technology/xilinx/ip/util.gen "
@I [HLS-100] Command 'ap_source' returned 0; elapsed 0.002Total elapsed time: 1.557 sec.
@I [HLS-100] Command "source C:/Xilinx/Vivado_HLS/2016.2/common/technology/xilinx/ip/xfft.gen "
@I [HLS-100] Command 'ap_source' returned 0; elapsed 0.102Total elapsed time: 1.660 sec.
@I [HLS-100] Command "source C:/Xilinx/Vivado_HLS/2016.2/common/technology/xilinx/ip/xfir.gen "
@I [HLS-100] Command 'ap_source' returned 0; elapsed 0.003Total elapsed time: 1.663 sec.
@I [HLS-100] Command 'ap_source' returned 0; elapsed 0.186Total elapsed time: 1.664 sec.
@I [HLS-100] Command "source C:/Xilinx/Vivado_HLS/2016.2/common/technology/xilinx/common/dsp48.gen "
@I [HLS-100] Command 'ap_source' returned 0; elapsed 0.003Total elapsed time: 1.669 sec.
@I [HLS-100] Command 'ap_source' returned 0; elapsed 0.194Total elapsed time: 1.669 sec.
@I [HLS-100] Command 'ap_source' returned 0; elapsed 0.196Total elapsed time: 1.669 sec.
@I [HLS-100] Command "open_platform DefaultPlatform "
@I [HLS-100] Command 'open_platform' returned 0; elapsed 0Total elapsed time: 1.670 sec.
@I [HLS-100] Command "import_lib C:/Xilinx/Vivado_HLS/2016.2/common/technology/xilinx/zynq/zynq_fpv6 "
@I [HLS-100] Command "source C:/Xilinx/Vivado_HLS/2016.2/common/technology/xilinx/common/xilinx_fpv7.lib "
@I [HLS-100] Command "source C:/Xilinx/Vivado_HLS/2016.2/common/technology/xilinx/common/xilinx_hp.lib "
@I [HLS-100] Command 'ap_source' returned 0; elapsed 0.002Total elapsed time: 1.679 sec.
@I [HLS-100] Command 'ap_source' returned 0; elapsed 0.008Total elapsed time: 1.681 sec.
@I [HLS-100] Command "source C:/Xilinx/Vivado_HLS/2016.2/common/technology/xilinx/common/xilinx_fpv.hlp "
@I [HLS-100] Command "source C:/Xilinx/Vivado_HLS/2016.2/common/technology/xilinx/common/xilinx.hlp "
@I [HLS-100] Command "source C:/Xilinx/Vivado_HLS/2016.2/common/technology/xilinx/common/target_info.tcl "
@I [HLS-100] Command 'ap_source' returned 0; elapsed 0.005Total elapsed time: 1.701 sec.
@I [HLS-100] Command "source C:/Xilinx/Vivado_HLS/2016.2/common/technology/xilinx/interface/xilinx_interface.hlp "
@I [HLS-100] Command "source C:/Xilinx/Vivado_HLS/2016.2/common/technology/xilinx/interface/maxi.hlp "
@I [HLS-100] Command 'ap_source' returned 0; elapsed 0Total elapsed time: 1.701 sec.
@I [HLS-100] Command "source C:/Xilinx/Vivado_HLS/2016.2/common/technology/xilinx/interface/saxilite.hlp "
@I [HLS-100] Command 'ap_source' returned 0; elapsed 0Total elapsed time: 1.701 sec.
@I [HLS-100] Command 'ap_source' returned 0; elapsed 0.001Total elapsed time: 1.702 sec.
@I [HLS-100] Command "source C:/Xilinx/Vivado_HLS/2016.2/common/technology/xilinx/common/dsp48.hlp "
@I [HLS-100] Command 'ap_source' returned 0; elapsed 0.001Total elapsed time: 1.703 sec.
@I [HLS-100] Command 'ap_source' returned 0; elapsed 0.008Total elapsed time: 1.703 sec.
@I [HLS-100] Command 'ap_source' returned 0; elapsed 0.012Total elapsed time: 1.704 sec.
@I [HLS-100] Command "source C:/Xilinx/Vivado_HLS/2016.2/common/technology/xilinx/zynq/zynq_hp.hlp "
@I [HLS-100] Command 'ap_source' returned 0; elapsed 0.005Total elapsed time: 1.709 sec.
@I [HLS-100] Command 'import_lib' returned 0; elapsed 0.044Total elapsed time: 1.713 sec.
@I [HLS-100] Command "source C:/Xilinx/Vivado_HLS/2016.2/common/technology/xilinx/zynq/zynq_fpv6.gen "
@I [HLS-100] Command "source C:/Xilinx/Vivado_HLS/2016.2/common/technology/xilinx/common/xilinx_fpv6.gen "
@I [HLS-100] Command 'ap_source' returned 0; elapsed 0.004Total elapsed time: 1.720 sec.
@I [HLS-100] Command 'ap_source' returned 0; elapsed 0.006Total elapsed time: 1.720 sec.
@I [HLS-100] Command "set_part xc7z020clg484-1 "
@I [HLS-100] Command "add_library xilinx/zynq/zynq:xc7z020:clg484:-1 "
@I [HLS-100] Command "get_default_platform "
@I [HLS-100] Command 'get_default_platform' returned 0; elapsed 0Total elapsed time: 1.733 sec.
@I [HLS-100] Command "license_isbetapart xc7z020 "
@I [HLS-100] Command 'license_isbetapart' returned 1; elapsed 0.251Total elapsed time: 1.986 sec.
@I [HLS-100] Command "get_default_platform "
@I [HLS-100] Command 'get_default_platform' returned 0; elapsed 0Total elapsed time: 1.990 sec.
@I [HLS-100] Command "config_chip_info -quiet -resource  {SLICE 13300}  {LUT 53200}     {FF 106400} {DSP48E 220}   {BRAM 280}  "
@I [HLS-100] Command 'config_chip_info' returned 0; elapsed 0Total elapsed time: 1.990 sec.
@I [HLS-100] Command "config_chip_info -quiet -speed slow "
@I [HLS-100] Command 'config_chip_info' returned 0; elapsed 0Total elapsed time: 1.991 sec.
@I [HLS-100] Command 'add_library' returned 0; elapsed 0.262Total elapsed time: 1.996 sec.
@I [HLS-100] Command "add_library xilinx/zynq/zynq_fpv6 "
@I [HLS-100] Command "get_default_platform "
@I [HLS-100] Command 'get_default_platform' returned 0; elapsed 0Total elapsed time: 1.999 sec.
@I [HLS-100] Command 'add_library' returned 0; elapsed 0.006Total elapsed time: 2.4 sec.
@I [HLS-10] Setting target device to 'xc7z020clg484-1'
@I [HLS-100] Command 'set_part' returned 0; elapsed 0.284Total elapsed time: 2.5 sec.
@I [HLS-100] Command "get_default_platform "
@I [HLS-100] Command 'get_default_platform' returned 0; elapsed 0Total elapsed time: 2.6 sec.
@I [HLS-100] Command "config_chip_info -quiet -resource  {SLICE 13300}  {LUT 53200}     {FF 106400} {DSP48E 220}   {BRAM 280}  "
@I [HLS-100] Command 'config_chip_info' returned 0; elapsed 0Total elapsed time: 2.7 sec.
@I [HLS-100] Command "config_chip_info -quiet -speed slow "
@I [HLS-100] Command 'config_chip_info' returned 0; elapsed 0Total elapsed time: 2.8 sec.
@I [HLS-100] Command 'open_solution' returned 0; elapsed 0.639Total elapsed time: 2.9 sec.
@I [HLS-100] Command "set_part xc7z020clg484-1 -tool vivado "
@I [HLS-100] Command "add_library xilinx/zynq/zynq:xc7z020:clg484:-1 "
@I [HLS-100] Command "get_default_platform "
@I [HLS-100] Command 'get_default_platform' returned 0; elapsed 0Total elapsed time: 2.16 sec.
@I [HLS-100] Command "license_isbetapart xc7z020 "
@I [HLS-100] Command 'license_isbetapart' returned 1; elapsed 0Total elapsed time: 2.17 sec.
@I [HLS-100] Command "get_default_platform "
@I [HLS-100] Command 'get_default_platform' returned 0; elapsed 0Total elapsed time: 2.21 sec.
@I [HLS-100] Command "config_chip_info -quiet -resource  {SLICE 13300}  {LUT 53200}     {FF 106400} {DSP48E 220}   {BRAM 280}  "
@I [HLS-100] Command 'config_chip_info' returned 0; elapsed 0Total elapsed time: 2.21 sec.
@I [HLS-100] Command "config_chip_info -quiet -speed slow "
@I [HLS-100] Command 'config_chip_info' returned 0; elapsed 0Total elapsed time: 2.22 sec.
@I [HLS-100] Command 'add_library' returned 0; elapsed 0.007Total elapsed time: 2.23 sec.
@I [HLS-100] Command "add_library xilinx/zynq/zynq_fpv6 "
@I [HLS-100] Command "get_default_platform "
@I [HLS-100] Command 'get_default_platform' returned 0; elapsed 0Total elapsed time: 2.24 sec.
@I [HLS-100] Command 'add_library' returned 0; elapsed 0.003Total elapsed time: 2.26 sec.
@I [HLS-100] Command 'set_part' returned 0; elapsed 0.02Total elapsed time: 2.29 sec.
@I [HLS-100] Command "create_clock -period 10 -name default "
@I [HLS-100] Command 'create_clock' returned 0; elapsed 0.003Total elapsed time: 2.33 sec.
@I [HLS-100] Command "csynth_design "
@I [HLS-100] Command "elaborate -effort=medium -skip_syncheck=0 -keep_printf=0 -lm=0 -skip_cdt=0 -skip_transform=0 -ng=0 -g=0 -opt_fp=0 "
@I [HLS-10] Analyzing design file 'simpleCounter.cpp' ... 
@0 [HLS-0] Analyzing design file 'simpleCounter.cpp' ... 
@I [HLS-0] Compiling one TU...
@I [HLS-0] 
Checking before pre-process: exec clang -fno-limit-debug-info -gcc-toolchain "C:/Xilinx/Vivado_HLS/2016.2/msys" -hls    -fno-math-errno -c -emit-llvm -O0  -mllvm -disable-llvm-optzns -fno-threadsafe-statics  -fno-use-cxa-atexit  -fno-threadsafe-statics -fno-use-cxa-atexit -D__cdecl=   -I "C:/Xilinx/Vivado_HLS/2016.2/win64/tools/systemc/include" -I "C:/Xilinx/Vivado_HLS/2016.2/include" -I "C:/Xilinx/Vivado_HLS/2016.2/include/ap_sysc" -fexceptions -I "C:/Xilinx/Vivado_HLS/2016.2/common/technology/autopilot" -include etc/autopilot_ssdm_op.h "simpleCounter.cpp"  -o "C:/Users/s02so/simpleCounter/solution1/.autopilot/db/simpleCounter.pp.00.o"

@I [HLS-100] Command "is_encrypted C:/Users/s02so/simpleCounter/solution1/.autopilot/db/simpleCounter.pp.00.o "
@I [HLS-100] Command 'is_encrypted' returned 0; elapsed 0Total elapsed time: 3.389 sec.
@I [HLS-0] Syntax Checker time: 1 seconds per iteration
@I [HLS-0] 
Source preprocessing: exec clang -fno-limit-debug-info -gcc-toolchain "C:/Xilinx/Vivado_HLS/2016.2/msys" -hls -fno-exceptions  -D__llvm__  -CC -E "simpleCounter.cpp"     -fno-math-errno -c -emit-llvm -O0  -mllvm -disable-llvm-optzns -fno-threadsafe-statics  -fno-use-cxa-atexit  -fno-threadsafe-statics -fno-use-cxa-atexit -D__cdecl= -DAESL_SYN -D__SYNTHESIS__ -D__HLS_SYN__ -I "C:/Xilinx/Vivado_HLS/2016.2/common/technology/autopilot" -I "C:/Xilinx/Vivado_HLS/2016.2/common/technology/autopilot/ap_sysc" -include etc/autopilot_ssdm_op.h  -o "C:/Users/s02so/simpleCounter/solution1/.autopilot/db/simpleCounter.pp.0.cpp"

@I [HLS-0] GCC PP time: 0 seconds per iteration
@I [HLS-100] Command "list_core -type functional_unit "
@I [HLS-100] Command 'list_core' returned 0; elapsed 0Total elapsed time: 3.728 sec.
@I [HLS-0] Marker-Pragma convertor: C:/Users/s02so/simpleCounter/solution1/.autopilot/db/simpleCounter.pp.0.cpp C:/Users/s02so/simpleCounter/solution1/.autopilot/db/simpleCounter.pp.0.cpp.ap-line.cpp C:/Users/s02so/simpleCounter/solution1/.autopilot/db/simpleCounter.pp.0.cpp.ap-line.cpp.CXX 1
@I [HLS-0] 
Source processor: exec C:/Xilinx/Vivado_HLS/2016.2/tps/win64/jre/bin/java -Xmx512m -classpath   "C:/Xilinx/Vivado_HLS/2016.2/lib/classes/autopilot.sourceprocessor.jar;C:/Xilinx/Vivado_HLS/2016.2/lib/classes/org.eclipse.cdt.core_5.3.0.xilinx_patch.jar;C:/Xilinx/Vivado_HLS/2016.2/lib/classes/org.eclipse.core.runtime_3.7.0.v20110110.jar;C:/Xilinx/Vivado_HLS/2016.2/lib/classes/org.eclipse.equinox.common_3.6.0.v20110523.jar;C:/Xilinx/Vivado_HLS/2016.2/lib/classes/com.ibm.icu_4.4.2.v20110208.jar;C:/Xilinx/Vivado_HLS/2016.2/lib/classes/jargs.jar;C:/Xilinx/Vivado_HLS/2016.2/win64/tools/eclipse/plugins/org.eclipse.emf.common_2.10.1.v20150123-0348.jar;C:/Xilinx/Vivado_HLS/2016.2/win64/tools/eclipse/plugins/org.eclipse.emf.ecore_2.10.2.v20150123-0348.jar;C:/Xilinx/Vivado_HLS/2016.2/win64/tools/eclipse/plugins/org.eclipse.emf.ecore.xmi_2.10.2.v20150123-0348.jar;C:/Xilinx/Vivado_HLS/2016.2/win64/tools/eclipse/plugins/com.autoesl.autopilot.ui.directiveFileModel_1.0.0.jar;C:/Xilinx/Vivado_HLS/2016.2/win64/tools/eclipse/plugins/com.autoesl.autopilot.ui.common_1.0.0.jar"  autopilot.sourceprocessor.CParser  "C:/Users/s02so/simpleCounter/solution1/.autopilot/db/simpleCounter.pp.0.cpp.ap-line.cpp"  -m "freq_serial" -o "C:/Users/s02so/simpleCounter/solution1/.autopilot/db/simpleCounter.pp.0.cpp.ap-cdt.cpp" --pp --directive C:/Users/s02so/simpleCounter/solution1/solution1.directive --source C:/Users/s02so/simpleCounter.cpp --error C:/Users/s02so/simpleCounter/solution1/.autopilot/db --funcunit "AddSub AddSub_DSP AddSubnS DAddSub_fulldsp DAddSub_nodsp DDiv DExp_fulldsp DExp_meddsp DExp_nodsp DLog_fulldsp DLog_meddsp DLog_nodsp DMul_fulldsp DMul_maxdsp DMul_meddsp DMul_nodsp DRSqrt DRecip DSqrt DivnS FAddSub_fulldsp FAddSub_nodsp FDiv FExp_fulldsp FExp_meddsp FExp_nodsp FLog_fulldsp FLog_meddsp FLog_nodsp FMul_fulldsp FMul_maxdsp FMul_meddsp FMul_nodsp FRSqrt_fulldsp FRSqrt_nodsp FRecip_fulldsp FRecip_nodsp FSqrt HAddSub_nodsp HDiv HMul_fulldsp HMul_maxdsp HMul_nodsp HSqrt Mul Mul2S Mul3S Mul4S Mul5S Mul6S Mul_LUT MulnS MuxnS" --ve --vetcl C:/Users/s02so/simpleCounter/solution1/.autopilot/db --ca --es --gf --pd --p2d C:/Users/s02so/simpleCounter/solution1/.autopilot/db --sd --scff C:/Users/s02so/simpleCounter/solution1/.autopilot/db/.systemc_flag --ad

@I [HLS-0] Marker-Pragma convertor: C:/Users/s02so/simpleCounter/solution1/.autopilot/db/simpleCounter.pp.0.cpp.ap-cdt.cpp C:/Users/s02so/simpleCounter/solution1/.autopilot/db/simpleCounter.pragma.0.cpp C:/Users/s02so/simpleCounter/solution1/.autopilot/db/simpleCounter.pragma.0.cpp.ap-line.CXX 0
@I [HLS-100] Command "source C:/Users/s02so/simpleCounter/solution1/.autopilot/db/pragma.status.tcl "
@I [HLS-100] Command 'ap_source' returned 0; elapsed 0Total elapsed time: 11.998 sec.
@I [HLS-0] CDT processor time: 8 seconds per iteration
@I [HLS-0] Pragma handling time: 0 seconds per iteration
@I [HLS-0] 
Source preprocessing: exec clang -fno-limit-debug-info -gcc-toolchain "C:/Xilinx/Vivado_HLS/2016.2/msys" -hls -fno-exceptions  -D__llvm__  -CC -E "C:/Users/s02so/simpleCounter/solution1/.autopilot/db/simpleCounter.pragma.1.cpp"     -fno-math-errno -c -emit-llvm -O0  -mllvm -disable-llvm-optzns -fno-threadsafe-statics  -fno-use-cxa-atexit  -fno-threadsafe-statics -fno-use-cxa-atexit -D__cdecl= -DAESL_SYN -D__SYNTHESIS__ -D__HLS_SYN__ -I "C:/Xilinx/Vivado_HLS/2016.2/common/technology/autopilot" -I "C:/Xilinx/Vivado_HLS/2016.2/common/technology/autopilot/ap_sysc" -include etc/autopilot_ssdm_op.h  -o "C:/Users/s02so/simpleCounter/solution1/.autopilot/db/simpleCounter.pragma.2.cpp"

@I [HLS-0] exec clang -fno-limit-debug-info -gcc-toolchain C:/Xilinx/Vivado_HLS/2016.2/msys -hls -hls-analyze-label -hls-analyze-pragma -fno-exceptions  -D__llvm__  -w  "C:/Users/s02so/simpleCounter/solution1/.autopilot/db/simpleCounter.pragma.2.cpp"    -fno-math-errno -c -emit-llvm -O0  -mllvm -disable-llvm-optzns -fno-threadsafe-statics  -fno-use-cxa-atexit -DAESL_SYN -D__SYNTHESIS__ -D__HLS_SYN__ -I "C:/Xilinx/Vivado_HLS/2016.2/common/technology/autopilot" -I "C:/Xilinx/Vivado_HLS/2016.2/common/technology/autopilot/ap_sysc" -include etc/autopilot_ssdm_op.h -g -o "C:/Users/s02so/simpleCounter/solution1/.autopilot/db/simpleCounter.g.bc"
@I [HLS-100] Command "source C:/Users/s02so/simpleCounter/solution1/.autopilot/db/ve_warning.tcl "
@I [HLS-100] Command 'ap_source' returned 0; elapsed 0.001Total elapsed time: 13.700 sec.
@I [HLS-10] Validating synthesis directives ...
@0 [HLS-0] Validating synthesis directives ...
@I [HLS-100] Command "source C:/Users/s02so/simpleCounter/solution1/.autopilot/db/pragma.status.tcl "
@I [HLS-100] Command 'ap_source' returned 0; elapsed 0.004Total elapsed time: 13.705 sec.
@I [HLS-0] Linking all ...
@I [HLS-0] exec llvm-ld  "C:/Users/s02so/simpleCounter/solution1/.autopilot/db/simpleCounter.bc"  -disable-opt  -LC:/Xilinx/Vivado_HLS/2016.2/win64/lib -lm_basic -o "C:/Users/s02so/simpleCounter/solution1/.autopilot/db/a.o.pre"
@I [HLS-0] Link time: 0 seconds per iteration
@I [HLS-0] Linking all ...
@I [HLS-0] exec llvm-ld  "C:/Users/s02so/simpleCounter/solution1/.autopilot/db/simpleCounter.g.bc"  -disable-opt  -LC:/Xilinx/Vivado_HLS/2016.2/win64/lib -lm_basic -o "C:/Users/s02so/simpleCounter/solution1/.autopilot/db/a.g.pre"
@I [HLS-0] Link time: 0 seconds per iteration
@I [HLS-100] Command "opt_and_import_c a -opt_level=2 -skip_syncheck=0 -ng=0 -keep_printf=0 "
@I [HLS-100] Command "cleanup_all_models "
@I [HLS-100] Command 'cleanup_all_models' returned 0; elapsed 0Total elapsed time: 14.629 sec.
@I [HLS-10] Starting code transformations ...
@0 [HLS-0] Starting code transformations ...
@I [HLS-0] std xform: transform -hls -share-std-xform -always-inline -promote-dbg-pointer  -interface-preproc  -scalarrepl -mem2reg -keep-read-access -instcombine -dce  -promote-dbg-pointer  -bitop-raise  -indvars -loop-simplify -xunroll  -constprop -instcombine -simplifycfg -indvars  -simplifycfg -dce -globaldce  -basicaa  -simplifycfg -mem2reg -globalopt  -global-constprop -deadargelim -instcombine -simplifycfg  -prune-eh -simplifycfg  -scalarrepl -instcombine -reassociate -licm  -simplifycfg -loop-simplify -indvars -instcombine  -simplifycfg -mem2reg -loop-simplify -indvars -instcombine  -gvn -gvn -instcombine -adce  -break-crit-edges  -simplifycfg -loop-delete  -global-array-opt -dce -dse -adce  -find-syn-modules -top freq_serial  -deadargelim  -mem2reg -instcombine -dce  -presyn-prepare -auto-rom-infer  -interface-preproc  -syn-check -check-rec-only  -find-region -simplifycfg -func-extr -function-inline  -globaldce -mem2reg -instcombine -dce   -gvn -globaldce -adce -adse  -constprop -instcombine -bit-constprop  -instcombine -dce -simplifycfg -bitop-raise  -simplifycfg -dce -loop-delete -reassociate  -globalopt -global-privatize -mem2reg -dce  -global-constprop -pointer-simplify -constprop -dce  -func-inst -deadargelim  -promote-dbg-pointer  -norm-name   C:/Users/s02so/simpleCounter/solution1/.autopilot/db/a.g.0.bc -o C:/Users/s02so/simpleCounter/solution1/.autopilot/db/a.g.1.bc -f  -phase std-opt
@I [HLS-0] Std xform time: 1 seconds per iteration
@I [HLS-100] Command "is_encrypted C:/Users/s02so/simpleCounter/solution1/.autopilot/db/a.g.1.bc "
@I [HLS-100] Command 'is_encrypted' returned 0; elapsed 0Total elapsed time: 16.633 sec.
@I [HLS-10] Checking synthesizability ...
@0 [HLS-0] Checking synthesizability ...
@I [HLS-0] syn check 1/2: transform -hls -syn-check -check-rec-only -disaggr -scalarrepl -norm-name -dce  -mem2reg -instcombine  -function-uniquify -directive-preproc -mem2reg -dse -dce -auto-rom-infer -dce  -array-normalize -instcombine -dce  -array-seg-normalize -instcombine -dce  -array-flatten -instcombine -dce  -array-burst -dce  -deadargelim -promote-global-argument  -simplifycfg -mem2reg -globaldce -resolve-double-ptr  -dce -deadargelim -dce -instcombine  -function-inline -globaldce -dce  -doublePtrSimplify -doublePtrElim -dce  -doublePtrSimplify -promote-dbg-pointer  -dce -scalarrepl -dse -adse -instcombine  -ptrLegalization  -simplifycfg -dce -instcombine  -pointer-simplify -ptrArgReplace -dce -instcombine   -disaggr -scalarrepl -norm-name -dce  -mem2reg -instcombine -ptrLegalization   -simplifycfg -deadargelim  -instcombine -dce -inst-simplify  -function-uniquify -directive-preproc -mem2reg -dse -dce  -globaldce    C:/Users/s02so/simpleCounter/solution1/.autopilot/db/a.g.1.bc -o C:/Users/s02so/simpleCounter/solution1/.autopilot/db/a.g.2.prechk.bc -f
@I [XFORM-602] Inlining function 'seedNext' into 'freq_serial' (simpleCounter.cpp:98) automatically.
@I [HLS-0] Syn check 1/2 time: 0 seconds per iteration
@I [HLS-0] syn check 2/2: transform -syn-check   C:/Users/s02so/simpleCounter/solution1/.autopilot/db/a.g.2.prechk.bc -o C:/Users/s02so/simpleCounter/solution1/.autopilot/db/a.g.2.bc -f  -phase syn-check
@I [HLS-0] Syn check 2/2 time: 0 seconds per iteration
@I [HLS-0] Compiler optimizing ...
@I [HLS-0] Share syncheck's 1.bc for syn flow: copy C:/Users/s02so/simpleCounter/solution1/.autopilot/db/a.g.1.bc to C:/Users/s02so/simpleCounter/solution1/.autopilot/db/a.o.1.bc
@I [HLS-0] presyn 1: transform -hls -tmp C:/Users/s02so/simpleCounter/solution1/.autopilot/db -type-info  -function-uniquify -directive-preproc -mem2reg -dse -dce  -disaggr -scalarrepl -norm-name -deadargelim  -mem2reg -instcombine -dce -auto-rom-infer -dce -function-uniquify  -resource-proc  -simplifycfg -mem2reg -globaldce -resolve-double-ptr -dce -deadargelim -dce -instcombine  -clib-intrinsic-prepare -dce  -func-buffer -dce -array-normalize  -func-legal -instcombine -gvn -constprop -dce   -ptrArgReplace -mem2reg -instcombine -dce  -array-seg-normalize -deadargelim  -instcombine -dce  -pointer-simplify -dce  -port-alignment -dce  -interface-preproc  -data-pack -instcombine -dce   -basicaa -aggr-aa -aggrmodref-aa -aggr-aa -gvn -gvn  -basicaa -aggr-aa -aggrmodref-aa -aggr-aa -dse -adse -adce  -loop-simplify -indvars -instcombine  -gvn -loop-simplify -mem2reg -dce -simplifycfg  -find-region -instcombine  -auto-loop-pipeline  -inst-simplify  -interface-preproc  -indvars -auto-loop-unroll -loop-simplify -loop-bound -xunroll  -constprop -instcombine -simplifycfg -indvars  -simplifycfg -dce -globaldce  -attach-range  -gvn -inst-simplify  -constprop -simplifycfg -dce  -pointer-simplify -dce  -globalopt -constprop -dce  -array-promote -constprop -instcombine -dce  -ptrArgReplace -mem2reg  -instcombine -simplifycfg -dce  -auto-par -instcombine -dce  -array-transform-check  -array-reshape -instcombine -simplifycfg -dce  -ptrArgReplace -deadargelim -mem2reg  -instcombine -simplifycfg -dce   -indvars -loop-simplify -loop-bound -xunroll  -constprop -instcombine -simplifycfg -indvars  -simplifycfg -dce -globaldce  -duplicate-dataflow-processes -globaldce  -array-partition -instcombine -simplifycfg -dce  -ptrArgReplace -global-constprop -deadargelim -mem2reg  -func-legal -instcombine -dce -global-constprop -deadargelim -mem2reg  -instcombine -simplifycfg -dce   -globalopt -constprop -dce  -array-promote -constprop -instcombine -dce  -ptrArgReplace -mem2reg  -instcombine -simplifycfg -dce   -mem-intrinsic-preproc -dce  -global-privatize  -mem2reg -globaldce  -promote-global-argument  -ptrArgReplace -mem2reg -instcombine -dce  -globalopt -mergereturn -simplify-global-access -mem2reg -dce  -pointer-simplify -dce  -functionattrs  -basicaa -aggr-aa -aggrmodref-aa -aggr-aa -gvn -gvn  -basicaa -aggr-aa -aggrmodref-aa -aggr-aa -dse -adse -adce  -inst-simplify -dce -norm-name  -function-inline -globaldce  -func-inst -constprop -instcombine -simplifycfg -dce  -func-legal -dce   -loop-bound  -arraycheck -bitwidthmin -on-by-dataflow  -loop-delete -instcombine -simplifycfg  -globaldce -dce -gvn -deadargelim -dce -loop-simplify -clean-region -simplifycfg -propagate-stable-arguments  -loop-stream -instcombine -simplifycfg -dce -globaldce  -stream-intrinsic-preproc -dce  -check-ap-stream -loop-simplify -eliminate-keepreads  -extract-dataflow-in-loop -loop-simplify -dce -gvn -deadargelim -dse  -check-dataflow-syntax  -legalize-stream-variable -legalize-global -legalize-global-1  -extract-subproc -dce -dead-channel-elimination  -canonicalize-gep -globaldce -dce -gvn -deadargelim  -scalar-propagation -deadargelim -globaldce -mem2reg  -check-dataflow-channels -function-stream -annotate-dataflow-channels -dce -globaldce  -prop-fifo-spec -internal-stream-gen  -canonicalize-gep -globaldce -dce -gvn -deadargelim   -mergereturn -indvars -loop-simplify -instcombine  -array-stream -instcombine -simplifycfg -dce  -bundle-memfifo-ops -deadargelim    -function-uniquify -directive-preproc -mem2reg -dse -dce  -group-axi-access    -licm -simplifycfg -dce -loop-delete  -norm-name  C:/Users/s02so/simpleCounter/solution1/.autopilot/db/a.o.1.bc -o C:/Users/s02so/simpleCounter/solution1/.autopilot/db/a.o.1.tmp.bc -f
@I [XFORM-101] Partitioning array 'freqCount.V'  in dimension 1 completely.
@W [XFORM-104] Completely partitioning array 'serialTwoCount.V'  accessed through non-constant indices on dimension 1 (simpleCounter.cpp:215:24), which may result in long runtime and suboptimal QoR due to large multiplexers. Please consider wrapping the array access into a function or using a register file core instead.
@I [XFORM-101] Partitioning array 'serialTwoCount.V'  in dimension 1 completely.
@W [XFORM-104] Completely partitioning array 'serialThreeCount.V'  accessed through non-constant indices on dimension 1 (simpleCounter.cpp:218:26), which may result in long runtime and suboptimal QoR due to large multiplexers. Please consider wrapping the array access into a function or using a register file core instead.
@I [XFORM-101] Partitioning array 'serialThreeCount.V'  in dimension 1 completely.
@I [XFORM-602] Inlining function 'seedNext' into 'freq_serial' (simpleCounter.cpp:98) automatically.
@I [HLS-0] Presyn 1 time: 2 seconds per iteration
@I [HLS-0] presyn 2: transform -hls -keep-callgraph -scalarrepl -mem2reg  -port-alignment -attach-range -dce  -pipe-mux-gen  -indvars -loop-bound  -inst-simplify -instcombine -dce  -merge-array-access -mem2reg -dce  -clean-region -mergereturn -if-conv  -instcombine -dce -constprop  -basicaa -aggr-aa -aggrmodref-aa -aggr-aa -gvn -gvn  -basicaa -aggr-aa -aggrmodref-aa -aggr-aa -dse -adse -adce  -scalarrepl -mem2reg  -global-constprop -deadargelim -deadargelim  -instcombine -dce -simplifycfg    -ptrArgReplace -mem2reg -function-inline  -globaldce -mem2reg -instcombine -dce -expr-balance  -instcombine -dce  -bitwidthmin  -interface-preproc -directive-preproc  -inst-rectify -instcombine -dce  -functionattrs  -constprop -instcombine -bit-constprop  -simplify-global-access  -globalopt -globaldce  -inst-simplify -instcombine -elimdeaddata -dce  -loop-delete -simplifycfg -loop-simplify -auto-burst   -norm-name C:/Users/s02so/simpleCounter/solution1/.autopilot/db/a.o.1.tmp.bc -o C:/Users/s02so/simpleCounter/solution1/.autopilot/db/a.o.2.bc -f  -phase presyn
@I [XFORM-11] Balancing expressions in function 'freq_serial' (simpleCounter.cpp:23)...3 expression(s) balanced.
@I [HLS-0] Presyn 2 time: 1 seconds per iteration
@I [HLS-100] Command "is_encrypted C:/Users/s02so/simpleCounter/solution1/.autopilot/db/a.o.2.bc "
@I [HLS-100] Command 'is_encrypted' returned 0; elapsed 0Total elapsed time: 20.800 sec.
@I [HLS-0] build ssdm: transform -hls  -function-uniquify -auto-function-inline -globaldce  -ptrArgReplace -mem2reg -instcombine -dce  -reset-lda  -loop-simplify -indvars -licm -loop-dep  -loop-bound -licm -loop-simplify -flattenloopnest  -array-flatten -gvn -instcombine -dce  -array-map -dce -func-legal  -gvn -adce -instcombine -cfgopt -simplifycfg -loop-simplify   -array-burst -promote-global-argument -dce  -axi4-lower -array-seg-normalize  -basicaa -aggrmodref-aa -globalsmodref-aa -aggr-aa -gvn -gvn  -basicaa -aggrmodref-aa -globalsmodref-aa -aggr-aa -dse -adse -adce -licm  -inst-simplify -dce  -globaldce -instcombine -array-stream -eliminate-keepreads -instcombine  -dce   -deadargelim -doublePtrSimplify  -doublePtrElim -dce -doublePtrSimplify -promote-dbg-pointer  -dce -scalarrepl -mem2reg -disaggr -norm-name -mem2reg  -instcombine  -dse -adse -adce -ptrLegalization -dce -auto-rom-infer -array-flatten -dce -instcombine  -loop-rot -constprop -cfgopt -simplifycfg -loop-simplify -indvars -pointer-simplify -dce -loop-bound  -loop-simplify -loop-preproc  -constprop -global-constprop -gvn -mem2reg -instcombine -dce  -loop-merge -dce  -bitwidthmin  -deadargelim -dce  -scalar-propagation -deadargelim -globaldce -mem2reg  -interface-preproc -interface-gen  -deadargelim -directive-preproc -inst-simplify -dce  -gvn -mem2reg -instcombine -dce -adse  -loop-bound  -instcombine -cfgopt -simplifycfg -loop-simplify  -clean-region -io-protocol  -find-region -mem2reg  -bitop-raise  -inst-simplify -inst-rectify -instcombine -adce -deadargelim  -loop-simplify -phi-opt -bitop-raise  -cfgopt -simplifycfg -strip-dead-prototypes  -interface-lower -bitop-lower -intrinsic-lower -auto-function-inline  -basicaa -aggrmodref-aa -globalsmodref-aa -aggr-aa  -inst-simplify -simplifycfg   -mergereturn -inst-simplify -inst-rectify  -dce -bitop-lower  -loop-rewind -pointer-simplify -dce -cfgopt  -read-loop-dep -dce -bitwidth -norm-name -legalize    -cdfg-build  C:/Users/s02so/simpleCounter/solution1/.autopilot/db/a.o.2.bc -o C:/Users/s02so/simpleCounter/solution1/.autopilot/db/a.o.3.bc -f  -phase build-ssdm
@I [HLS-0] Build ssdm time: 3 seconds per iteration
@I [HLS-100] Command "is_encrypted C:/Users/s02so/simpleCounter/solution1/.autopilot/db/a.o.3.bc "
@I [HLS-100] Command 'is_encrypted' returned 0; elapsed 0Total elapsed time: 23.917 sec.
@I [HLS-0] Finish building internal data model.
@I [HLS-100] Command 'opt_and_import_c' returned 0; elapsed 9.346Total elapsed time: 23.975 sec.
@I [HLS-111] Elapsed time: 24.058 seconds; current memory usage: 178 MB.
@I [HLS-100] Command 'elaborate' returned 0; elapsed 22.016Total elapsed time: 24.50 sec.
@I [HLS-100] Command "autosyn "
@I [HLS-10] Starting hardware synthesis ...
@0 [HLS-0] Starting hardware synthesis ...
@I [HLS-0] Synthesizing C/C++ design ...
@I [HLS-10] Synthesizing 'freq_serial' ...
@0 [HLS-0] Synthesizing 'freq_serial' ...
@I [HLS-100] Command "ap_set_top_model freq_serial "
@I [HLS-100] Command 'ap_set_top_model' returned 0; elapsed 0Total elapsed time: 24.58 sec.
@I [HLS-100] Command "get_model_list freq_serial -filter all-wo-channel -topdown "
@I [HLS-100] Command 'get_model_list' returned 0; elapsed 0.001Total elapsed time: 24.58 sec.
@I [HLS-100] Command "preproc_iomode -model freq_serial "
@I [HLS-100] Command 'preproc_iomode' returned 0; elapsed 0.001Total elapsed time: 24.60 sec.
@I [HLS-100] Command "get_model_list freq_serial -filter all-wo-channel "
@I [HLS-100] Command 'get_model_list' returned 0; elapsed 0Total elapsed time: 24.61 sec.
@I [HLS-0] Model list for configure: freq_serial
@I [HLS-0] Configuring Module : freq_serial ...
@I [HLS-100] Command "set_default_model freq_serial "
@I [HLS-100] Command 'set_default_model' returned 0; elapsed 0Total elapsed time: 24.61 sec.
@I [HLS-100] Command "apply_spec_resource_limit freq_serial "
@I [HLS-100] Command 'apply_spec_resource_limit' returned 0; elapsed 0.001Total elapsed time: 24.62 sec.
@I [HLS-0] Model list for preprocess: freq_serial
@I [HLS-0] Preprocessing Module: freq_serial ...
@I [HLS-100] Command "set_default_model freq_serial "
@I [HLS-100] Command 'set_default_model' returned 0; elapsed 0Total elapsed time: 24.62 sec.
@I [HLS-100] Command "cdfg_preprocess -model freq_serial "
@I [HLS-100] Command 'cdfg_preprocess' returned 0; elapsed 0.328Total elapsed time: 24.390 sec.
@I [HLS-100] Command "rtl_gen_preprocess freq_serial "
@I [HLS-100] Command 'rtl_gen_preprocess' returned 0; elapsed 0.001Total elapsed time: 24.392 sec.
@I [HLS-0] Model list for synthesis: freq_serial
@I [HLS-10] ----------------------------------------------------------------
@0 [HLS-0] ----------------------------------------------------------------
@I [HLS-10] -- Scheduling module 'freq_serial' 
@0 [HLS-0] -- Scheduling module 'freq_serial' 
@I [HLS-10] ----------------------------------------------------------------
@0 [HLS-0] ----------------------------------------------------------------
@I [HLS-100] Command "set_default_model freq_serial "
@I [HLS-100] Command 'set_default_model' returned 0; elapsed 0Total elapsed time: 24.394 sec.
@I [HLS-100] Command "schedule -model freq_serial "
@I [SCHED-11] Starting scheduling ...
@I [SCHED-61] Pipelining loop 'Loop 1'.
@I [SCHED-61] Pipelining result: Target II: 1, Final II: 1, Depth: 1.
@I [SCHED-11] Finished scheduling.
@I [HLS-100] Command 'schedule' returned 0; elapsed 1.919Total elapsed time: 26.313 sec.
@I [HLS-111] Elapsed time: 2.346 seconds; current memory usage: 198 MB.
@I [HLS-100] Command "report -o C:/Users/s02so/simpleCounter/solution1/.autopilot/db/freq_serial.verbose.sched.rpt -verbose -f "
@I [HLS-100] Command 'report' returned 0; elapsed 0.183Total elapsed time: 26.584 sec.
@I [HLS-100] Command "db_write -o C:/Users/s02so/simpleCounter/solution1/.autopilot/db/freq_serial.sched.adb -f "
@I [HLS-100] Command 'db_write' returned 0; elapsed 0.465Total elapsed time: 27.51 sec.
@I [HLS-0] Finish scheduling freq_serial.
@I [HLS-10] ----------------------------------------------------------------
@0 [HLS-0] ----------------------------------------------------------------
@I [HLS-10] -- Exploring micro-architecture for module 'freq_serial' 
@0 [HLS-0] -- Exploring micro-architecture for module 'freq_serial' 
@I [HLS-10] ----------------------------------------------------------------
@0 [HLS-0] ----------------------------------------------------------------
@I [HLS-100] Command "set_default_model freq_serial "
@I [HLS-100] Command 'set_default_model' returned 0; elapsed 0Total elapsed time: 27.57 sec.
@I [HLS-100] Command "bind -model freq_serial "
@I [BIND-110] clear=
@I [BIND-110] debug=
@I [BIND-110] drf=
@I [BIND-110] effort=
@I [BIND-110] fast_refine=
@I [BIND-110] fu_weight=[ 0.0 -- 1.0 ]
@I [BIND-110] global_opt=
@I [BIND-110] gsearch=
@I [BIND-110] help=
@I [BIND-110] help-hidden=
@I [BIND-110] min_mem_port=
@I [BIND-110] min_op=
@I [BIND-110] minreg=
@I [BIND-110] ml=
@I [BIND-110] model=freq_serial
@I [BIND-110] no_false_path=
@I [BIND-110] no_min_op=
@I [BIND-110] normalize=
@I [BIND-110] quiet=
@I [BIND-110] refine=
@I [BIND-110] reg_weight=[ 0.0 -- 1.0 ]
@I [BIND-110] search=
@I [BIND-110] tight_delay=
@I [BIND-110] verbose=
@I [BIND-110] wFF=
@I [BIND-110] wFU=
@I [BIND-110] wMUX=
@I [BIND-110] wNET=
@I [BIND-100] Starting micro-architecture generation ...
@I [BIND-101] Performing variable lifetime analysis.
@I [BIND-101] Exploring resource sharing.
@I [BIND-101] Binding ...
@I [BIND-100] Finished micro-architecture generation.
@I [HLS-100] Command 'bind' returned 0; elapsed 0.368Total elapsed time: 27.425 sec.
@I [HLS-111] Elapsed time: 1.112 seconds; current memory usage: 199 MB.
@I [HLS-100] Command "report -o C:/Users/s02so/simpleCounter/solution1/.autopilot/db/freq_serial.verbose.bind.rpt -verbose -f "
@I [HLS-100] Command 'report' returned 0; elapsed 0.306Total elapsed time: 27.816 sec.
@I [HLS-100] Command "db_write -o C:/Users/s02so/simpleCounter/solution1/.autopilot/db/freq_serial.bind.adb -f "
@I [HLS-100] Command 'db_write' returned 0; elapsed 0.498Total elapsed time: 28.316 sec.
@I [HLS-0] Finish binding freq_serial.
@I [HLS-100] Command "get_model_list freq_serial -filter all-wo-channel "
@I [HLS-100] Command 'get_model_list' returned 0; elapsed 0Total elapsed time: 28.317 sec.
@I [HLS-0] Preprocessing for RTLGen ...
@I [HLS-100] Command "rtl_gen_preprocess freq_serial "
@I [HLS-100] Command 'rtl_gen_preprocess' returned 0; elapsed 0.002Total elapsed time: 28.319 sec.
@I [HLS-0] Model list for RTL generation: freq_serial
@I [HLS-10] ----------------------------------------------------------------
@0 [HLS-0] ----------------------------------------------------------------
@I [HLS-10] -- Generating RTL for module 'freq_serial' 
@0 [HLS-0] -- Generating RTL for module 'freq_serial' 
@I [HLS-10] ----------------------------------------------------------------
@0 [HLS-0] ----------------------------------------------------------------
@I [HLS-100] Command "create_rtl_model freq_serial -vendor xilinx -mg_file C:/Users/s02so/simpleCounter/solution1/.autopilot/db/freq_serial.compgen.tcl "
@I [RTGEN-500] Setting interface mode on port 'freq_serial/freqStream_V' to 's_axilite & ap_memory'.
@I [RTGEN-500] Setting interface mode on port 'freq_serial/serialTwoStream_V' to 's_axilite & ap_memory'.
@I [RTGEN-500] Setting interface mode on port 'freq_serial/serialThreeStream_V' to 's_axilite & ap_memory'.
@I [RTGEN-500] Setting interface mode on port 'freq_serial/seed_V' to 's_axilite & ap_none'.
@I [RTGEN-500] Setting interface mode on port 'freq_serial/n_V' to 's_axilite & ap_none'.
@I [RTGEN-500] Setting interface mode on port 'freq_serial/offset_V' to 's_axilite & ap_none'.
@I [RTGEN-500] Setting interface mode on function 'freq_serial' to 's_axilite & ap_ctrl_hs'.
@W [RTGEN-101] Register 'freqCount_V_0' is power-on initialization.
@W [RTGEN-101] Register 'freqCount_V_1' is power-on initialization.
@W [RTGEN-101] Register 'freqCount_V_2' is power-on initialization.
@W [RTGEN-101] Register 'freqCount_V_3' is power-on initialization.
@W [RTGEN-101] Register 'freqCount_V_4' is power-on initialization.
@W [RTGEN-101] Register 'freqCount_V_5' is power-on initialization.
@W [RTGEN-101] Register 'freqCount_V_6' is power-on initialization.
@W [RTGEN-101] Register 'freqCount_V_7' is power-on initialization.
@W [RTGEN-101] Register 'freqCount_V_8' is power-on initialization.
@W [RTGEN-101] Register 'freqCount_V_9' is power-on initialization.
@W [RTGEN-101] Register 'freqCount_V_10' is power-on initialization.
@W [RTGEN-101] Register 'freqCount_V_11' is power-on initialization.
@W [RTGEN-101] Register 'freqCount_V_12' is power-on initialization.
@W [RTGEN-101] Register 'freqCount_V_13' is power-on initialization.
@W [RTGEN-101] Register 'freqCount_V_14' is power-on initialization.
@W [RTGEN-101] Register 'freqCount_V_15' is power-on initialization.
@W [RTGEN-101] Register 'freqCount_V_16' is power-on initialization.
@W [RTGEN-101] Register 'freqCount_V_17' is power-on initialization.
@W [RTGEN-101] Register 'freqCount_V_18' is power-on initialization.
@W [RTGEN-101] Register 'freqCount_V_19' is power-on initialization.
@W [RTGEN-101] Register 'freqCount_V_20' is power-on initialization.
@W [RTGEN-101] Register 'freqCount_V_21' is power-on initialization.
@W [RTGEN-101] Register 'freqCount_V_22' is power-on initialization.
@W [RTGEN-101] Register 'freqCount_V_23' is power-on initialization.
@W [RTGEN-101] Register 'freqCount_V_24' is power-on initialization.
@W [RTGEN-101] Register 'freqCount_V_25' is power-on initialization.
@W [RTGEN-101] Register 'freqCount_V_26' is power-on initialization.
@W [RTGEN-101] Register 'freqCount_V_27' is power-on initialization.
@W [RTGEN-101] Register 'freqCount_V_28' is power-on initialization.
@W [RTGEN-101] Register 'freqCount_V_29' is power-on initialization.
@W [RTGEN-101] Register 'freqCount_V_30' is power-on initialization.
@W [RTGEN-101] Register 'freqCount_V_31' is power-on initialization.
@W [RTGEN-101] Register 'x_V' is power-on initialization.
@W [RTGEN-101] Register 'y_V' is power-on initialization.
@W [RTGEN-101] Register 'z_V' is power-on initialization.
@W [RTGEN-101] Register 'serialTwoCount_V_0' is power-on initialization.
@W [RTGEN-101] Register 'serialTwoCount_V_1' is power-on initialization.
@W [RTGEN-101] Register 'serialTwoCount_V_2' is power-on initialization.
@W [RTGEN-101] Register 'serialTwoCount_V_3' is power-on initialization.
@W [RTGEN-101] Register 'serialTwoCount_V_4' is power-on initialization.
@W [RTGEN-101] Register 'serialTwoCount_V_5' is power-on initialization.
@W [RTGEN-101] Register 'serialTwoCount_V_6' is power-on initialization.
@W [RTGEN-101] Register 'serialTwoCount_V_7' is power-on initialization.
@W [RTGEN-101] Register 'serialTwoCount_V_8' is power-on initialization.
@W [RTGEN-101] Register 'serialTwoCount_V_9' is power-on initialization.
@W [RTGEN-101] Register 'serialTwoCount_V_10' is power-on initialization.
@W [RTGEN-101] Register 'serialTwoCount_V_11' is power-on initialization.
@W [RTGEN-101] Register 'serialTwoCount_V_12' is power-on initialization.
@W [RTGEN-101] Register 'serialTwoCount_V_13' is power-on initialization.
@W [RTGEN-101] Register 'serialTwoCount_V_14' is power-on initialization.
@W [RTGEN-101] Register 'serialTwoCount_V_15' is power-on initialization.
@W [RTGEN-101] Register 'serialTwoCount_V_16' is power-on initialization.
@W [RTGEN-101] Register 'serialTwoCount_V_17' is power-on initialization.
@W [RTGEN-101] Register 'serialTwoCount_V_18' is power-on initialization.
@W [RTGEN-101] Register 'serialTwoCount_V_19' is power-on initialization.
@W [RTGEN-101] Register 'serialTwoCount_V_20' is power-on initialization.
@W [RTGEN-101] Register 'serialTwoCount_V_21' is power-on initialization.
@W [RTGEN-101] Register 'serialTwoCount_V_22' is power-on initialization.
@W [RTGEN-101] Register 'serialTwoCount_V_23' is power-on initialization.
@W [RTGEN-101] Register 'serialTwoCount_V_24' is power-on initialization.
@W [RTGEN-101] Register 'serialTwoCount_V_25' is power-on initialization.
@W [RTGEN-101] Register 'serialTwoCount_V_26' is power-on initialization.
@W [RTGEN-101] Register 'serialTwoCount_V_27' is power-on initialization.
@W [RTGEN-101] Register 'serialTwoCount_V_28' is power-on initialization.
@W [RTGEN-101] Register 'serialTwoCount_V_29' is power-on initialization.
@W [RTGEN-101] Register 'serialTwoCount_V_30' is power-on initialization.
@W [RTGEN-101] Register 'serialTwoCount_V_31' is power-on initialization.
@W [RTGEN-101] Register 'serialTwoCount_V_32' is power-on initialization.
@W [RTGEN-101] Register 'serialTwoCount_V_33' is power-on initialization.
@W [RTGEN-101] Register 'serialTwoCount_V_34' is power-on initialization.
@W [RTGEN-101] Register 'serialTwoCount_V_35' is power-on initialization.
@W [RTGEN-101] Register 'serialTwoCount_V_36' is power-on initialization.
@W [RTGEN-101] Register 'serialTwoCount_V_37' is power-on initialization.
@W [RTGEN-101] Register 'serialTwoCount_V_38' is power-on initialization.
@W [RTGEN-101] Register 'serialTwoCount_V_39' is power-on initialization.
@W [RTGEN-101] Register 'serialTwoCount_V_40' is power-on initialization.
@W [RTGEN-101] Register 'serialTwoCount_V_41' is power-on initialization.
@W [RTGEN-101] Register 'serialTwoCount_V_42' is power-on initialization.
@W [RTGEN-101] Register 'serialTwoCount_V_43' is power-on initialization.
@W [RTGEN-101] Register 'serialTwoCount_V_44' is power-on initialization.
@W [RTGEN-101] Register 'serialTwoCount_V_45' is power-on initialization.
@W [RTGEN-101] Register 'serialTwoCount_V_46' is power-on initialization.
@W [RTGEN-101] Register 'serialTwoCount_V_47' is power-on initialization.
@W [RTGEN-101] Register 'serialTwoCount_V_48' is power-on initialization.
@W [RTGEN-101] Register 'serialTwoCount_V_49' is power-on initialization.
@W [RTGEN-101] Register 'serialTwoCount_V_50' is power-on initialization.
@W [RTGEN-101] Register 'serialTwoCount_V_51' is power-on initialization.
@W [RTGEN-101] Register 'serialTwoCount_V_52' is power-on initialization.
@W [RTGEN-101] Register 'serialTwoCount_V_53' is power-on initialization.
@W [RTGEN-101] Register 'serialTwoCount_V_54' is power-on initialization.
@W [RTGEN-101] Register 'serialTwoCount_V_55' is power-on initialization.
@W [RTGEN-101] Register 'serialTwoCount_V_56' is power-on initialization.
@W [RTGEN-101] Register 'serialTwoCount_V_57' is power-on initialization.
@W [RTGEN-101] Register 'serialTwoCount_V_58' is power-on initialization.
@W [RTGEN-101] Register 'serialTwoCount_V_59' is power-on initialization.
@W [RTGEN-101] Register 'serialTwoCount_V_60' is power-on initialization.
@W [RTGEN-101] Register 'serialTwoCount_V_61' is power-on initialization.
@W [RTGEN-101] Register 'serialTwoCount_V_62' is power-on initialization.
@W [RTGEN-101] Register 'serialTwoCount_V_63' is power-on initialization.
@W [RTGEN-101] Register 'serialTwoCount_V_64' is power-on initialization.
@W [RTGEN-101] Register 'serialTwoCount_V_65' is power-on initialization.
@W [RTGEN-101] Register 'serialTwoCount_V_66' is power-on initialization.
@W [RTGEN-101] Register 'serialTwoCount_V_67' is power-on initialization.
@W [RTGEN-101] Register 'serialTwoCount_V_68' is power-on initialization.
@W [RTGEN-101] Register 'serialTwoCount_V_69' is power-on initialization.
@W [RTGEN-101] Register 'serialTwoCount_V_70' is power-on initialization.
@W [RTGEN-101] Register 'serialTwoCount_V_71' is power-on initialization.
@W [RTGEN-101] Register 'serialTwoCount_V_72' is power-on initialization.
@W [RTGEN-101] Register 'serialTwoCount_V_73' is power-on initialization.
@W [RTGEN-101] Register 'serialTwoCount_V_74' is power-on initialization.
@W [RTGEN-101] Register 'serialTwoCount_V_75' is power-on initialization.
@W [RTGEN-101] Register 'serialTwoCount_V_76' is power-on initialization.
@W [RTGEN-101] Register 'serialTwoCount_V_77' is power-on initialization.
@W [RTGEN-101] Register 'serialTwoCount_V_78' is power-on initialization.
@W [RTGEN-101] Register 'serialTwoCount_V_79' is power-on initialization.
@W [RTGEN-101] Register 'serialTwoCount_V_80' is power-on initialization.
@W [RTGEN-101] Register 'serialTwoCount_V_81' is power-on initialization.
@W [RTGEN-101] Register 'serialTwoCount_V_82' is power-on initialization.
@W [RTGEN-101] Register 'serialTwoCount_V_83' is power-on initialization.
@W [RTGEN-101] Register 'serialTwoCount_V_84' is power-on initialization.
@W [RTGEN-101] Register 'serialTwoCount_V_85' is power-on initialization.
@W [RTGEN-101] Register 'serialTwoCount_V_86' is power-on initialization.
@W [RTGEN-101] Register 'serialTwoCount_V_87' is power-on initialization.
@W [RTGEN-101] Register 'serialTwoCount_V_88' is power-on initialization.
@W [RTGEN-101] Register 'serialTwoCount_V_89' is power-on initialization.
@W [RTGEN-101] Register 'serialTwoCount_V_90' is power-on initialization.
@W [RTGEN-101] Register 'serialTwoCount_V_91' is power-on initialization.
@W [RTGEN-101] Register 'serialTwoCount_V_92' is power-on initialization.
@W [RTGEN-101] Register 'serialTwoCount_V_93' is power-on initialization.
@W [RTGEN-101] Register 'serialTwoCount_V_94' is power-on initialization.
@W [RTGEN-101] Register 'serialTwoCount_V_95' is power-on initialization.
@W [RTGEN-101] Register 'serialThreeCount_V_0' is power-on initialization.
@W [RTGEN-101] Register 'serialThreeCount_V_1' is power-on initialization.
@W [RTGEN-101] Register 'serialThreeCount_V_2' is power-on initialization.
@W [RTGEN-101] Register 'serialThreeCount_V_3' is power-on initialization.
@W [RTGEN-101] Register 'serialThreeCount_V_4' is power-on initialization.
@W [RTGEN-101] Register 'serialThreeCount_V_5' is power-on initialization.
@W [RTGEN-101] Register 'serialThreeCount_V_6' is power-on initialization.
@W [RTGEN-101] Register 'serialThreeCount_V_7' is power-on initialization.
@W [RTGEN-101] Register 'serialThreeCount_V_8' is power-on initialization.
@W [RTGEN-101] Register 'serialThreeCount_V_9' is power-on initialization.
@W [RTGEN-101] Register 'serialThreeCount_V_10' is power-on initialization.
@W [RTGEN-101] Register 'serialThreeCount_V_11' is power-on initialization.
@W [RTGEN-101] Register 'serialThreeCount_V_12' is power-on initialization.
@W [RTGEN-101] Register 'serialThreeCount_V_13' is power-on initialization.
@W [RTGEN-101] Register 'serialThreeCount_V_14' is power-on initialization.
@W [RTGEN-101] Register 'serialThreeCount_V_15' is power-on initialization.
@W [RTGEN-101] Register 'serialThreeCount_V_16' is power-on initialization.
@W [RTGEN-101] Register 'serialThreeCount_V_17' is power-on initialization.
@W [RTGEN-101] Register 'serialThreeCount_V_18' is power-on initialization.
@W [RTGEN-101] Register 'serialThreeCount_V_19' is power-on initialization.
@W [RTGEN-101] Register 'serialThreeCount_V_20' is power-on initialization.
@W [RTGEN-101] Register 'serialThreeCount_V_21' is power-on initialization.
@W [RTGEN-101] Register 'serialThreeCount_V_22' is power-on initialization.
@W [RTGEN-101] Register 'serialThreeCount_V_23' is power-on initialization.
@W [RTGEN-101] Register 'serialThreeCount_V_24' is power-on initialization.
@W [RTGEN-101] Register 'serialThreeCount_V_25' is power-on initialization.
@W [RTGEN-101] Register 'serialThreeCount_V_26' is power-on initialization.
@W [RTGEN-101] Register 'serialThreeCount_V_27' is power-on initialization.
@W [RTGEN-101] Register 'serialThreeCount_V_28' is power-on initialization.
@W [RTGEN-101] Register 'serialThreeCount_V_29' is power-on initialization.
@W [RTGEN-101] Register 'serialThreeCount_V_30' is power-on initialization.
@W [RTGEN-101] Register 'serialThreeCount_V_31' is power-on initialization.
@W [RTGEN-101] Register 'serialThreeCount_V_32' is power-on initialization.
@W [RTGEN-101] Register 'serialThreeCount_V_33' is power-on initialization.
@W [RTGEN-101] Register 'serialThreeCount_V_34' is power-on initialization.
@W [RTGEN-101] Register 'serialThreeCount_V_35' is power-on initialization.
@W [RTGEN-101] Register 'serialThreeCount_V_36' is power-on initialization.
@W [RTGEN-101] Register 'serialThreeCount_V_37' is power-on initialization.
@W [RTGEN-101] Register 'serialThreeCount_V_38' is power-on initialization.
@W [RTGEN-101] Register 'serialThreeCount_V_39' is power-on initialization.
@W [RTGEN-101] Register 'serialThreeCount_V_40' is power-on initialization.
@W [RTGEN-101] Register 'serialThreeCount_V_41' is power-on initialization.
@W [RTGEN-101] Register 'serialThreeCount_V_42' is power-on initialization.
@W [RTGEN-101] Register 'serialThreeCount_V_43' is power-on initialization.
@W [RTGEN-101] Register 'serialThreeCount_V_44' is power-on initialization.
@W [RTGEN-101] Register 'serialThreeCount_V_45' is power-on initialization.
@W [RTGEN-101] Register 'serialThreeCount_V_46' is power-on initialization.
@W [RTGEN-101] Register 'serialThreeCount_V_47' is power-on initialization.
@W [RTGEN-101] Register 'serialThreeCount_V_48' is power-on initialization.
@W [RTGEN-101] Register 'serialThreeCount_V_49' is power-on initialization.
@W [RTGEN-101] Register 'serialThreeCount_V_50' is power-on initialization.
@W [RTGEN-101] Register 'serialThreeCount_V_51' is power-on initialization.
@W [RTGEN-101] Register 'serialThreeCount_V_52' is power-on initialization.
@W [RTGEN-101] Register 'serialThreeCount_V_53' is power-on initialization.
@W [RTGEN-101] Register 'serialThreeCount_V_54' is power-on initialization.
@W [RTGEN-101] Register 'serialThreeCount_V_55' is power-on initialization.
@W [RTGEN-101] Register 'serialThreeCount_V_56' is power-on initialization.
@W [RTGEN-101] Register 'serialThreeCount_V_57' is power-on initialization.
@W [RTGEN-101] Register 'serialThreeCount_V_58' is power-on initialization.
@W [RTGEN-101] Register 'serialThreeCount_V_59' is power-on initialization.
@W [RTGEN-101] Register 'serialThreeCount_V_60' is power-on initialization.
@W [RTGEN-101] Register 'serialThreeCount_V_61' is power-on initialization.
@W [RTGEN-101] Register 'serialThreeCount_V_62' is power-on initialization.
@W [RTGEN-101] Register 'serialThreeCount_V_63' is power-on initialization.
@W [RTGEN-101] Register 'serialThreeCount_V_64' is power-on initialization.
@W [RTGEN-101] Register 'serialThreeCount_V_65' is power-on initialization.
@W [RTGEN-101] Register 'serialThreeCount_V_66' is power-on initialization.
@W [RTGEN-101] Register 'serialThreeCount_V_67' is power-on initialization.
@W [RTGEN-101] Register 'serialThreeCount_V_68' is power-on initialization.
@W [RTGEN-101] Register 'serialThreeCount_V_69' is power-on initialization.
@W [RTGEN-101] Register 'serialThreeCount_V_70' is power-on initialization.
@W [RTGEN-101] Register 'serialThreeCount_V_71' is power-on initialization.
@W [RTGEN-101] Register 'serialThreeCount_V_72' is power-on initialization.
@W [RTGEN-101] Register 'serialThreeCount_V_73' is power-on initialization.
@W [RTGEN-101] Register 'serialThreeCount_V_74' is power-on initialization.
@W [RTGEN-101] Register 'serialThreeCount_V_75' is power-on initialization.
@W [RTGEN-101] Register 'serialThreeCount_V_76' is power-on initialization.
@W [RTGEN-101] Register 'serialThreeCount_V_77' is power-on initialization.
@W [RTGEN-101] Register 'serialThreeCount_V_78' is power-on initialization.
@W [RTGEN-101] Register 'serialThreeCount_V_79' is power-on initialization.
@W [RTGEN-101] Register 'serialThreeCount_V_80' is power-on initialization.
@W [RTGEN-101] Register 'serialThreeCount_V_81' is power-on initialization.
@W [RTGEN-101] Register 'serialThreeCount_V_82' is power-on initialization.
@W [RTGEN-101] Register 'serialThreeCount_V_83' is power-on initialization.
@W [RTGEN-101] Register 'serialThreeCount_V_84' is power-on initialization.
@W [RTGEN-101] Register 'serialThreeCount_V_85' is power-on initialization.
@W [RTGEN-101] Register 'serialThreeCount_V_86' is power-on initialization.
@W [RTGEN-101] Register 'serialThreeCount_V_87' is power-on initialization.
@W [RTGEN-101] Register 'serialThreeCount_V_88' is power-on initialization.
@W [RTGEN-101] Register 'serialThreeCount_V_89' is power-on initialization.
@W [RTGEN-101] Register 'serialThreeCount_V_90' is power-on initialization.
@W [RTGEN-101] Register 'serialThreeCount_V_91' is power-on initialization.
@W [RTGEN-101] Register 'serialThreeCount_V_92' is power-on initialization.
@W [RTGEN-101] Register 'serialThreeCount_V_93' is power-on initialization.
@W [RTGEN-101] Register 'serialThreeCount_V_94' is power-on initialization.
@W [RTGEN-101] Register 'serialThreeCount_V_95' is power-on initialization.
@W [RTGEN-101] Register 'serialThreeCount_V_96' is power-on initialization.
@W [RTGEN-101] Register 'serialThreeCount_V_97' is power-on initialization.
@W [RTGEN-101] Register 'serialThreeCount_V_98' is power-on initialization.
@W [RTGEN-101] Register 'serialThreeCount_V_99' is power-on initialization.
@W [RTGEN-101] Register 'serialThreeCount_V_100' is power-on initialization.
@W [RTGEN-101] Register 'serialThreeCount_V_101' is power-on initialization.
@W [RTGEN-101] Register 'serialThreeCount_V_102' is power-on initialization.
@W [RTGEN-101] Register 'serialThreeCount_V_103' is power-on initialization.
@W [RTGEN-101] Register 'serialThreeCount_V_104' is power-on initialization.
@W [RTGEN-101] Register 'serialThreeCount_V_105' is power-on initialization.
@W [RTGEN-101] Register 'serialThreeCount_V_106' is power-on initialization.
@W [RTGEN-101] Register 'serialThreeCount_V_107' is power-on initialization.
@W [RTGEN-101] Register 'serialThreeCount_V_108' is power-on initialization.
@W [RTGEN-101] Register 'serialThreeCount_V_109' is power-on initialization.
@W [RTGEN-101] Register 'serialThreeCount_V_110' is power-on initialization.
@W [RTGEN-101] Register 'serialThreeCount_V_111' is power-on initialization.
@I [RTGEN-100] Bundling port 'return', 'freqStream_V', 'serialThreeStream_V', 'seed_V', 'n_V' and 'offset_V' to AXI-Lite port FREQ_PERIPH_BUS.
@I [RTGEN-100] Generating core module 'freq_serial_mux_112to1_sel7_43_1': 1 instance(s).
@I [RTGEN-100] Generating core module 'freq_serial_mux_32to1_sel5_44_1': 1 instance(s).
@I [RTGEN-100] Generating core module 'freq_serial_mux_96to1_sel7_43_1': 1 instance(s).
@I [RTGEN-100] Finished creating RTL model for 'freq_serial'.
@I [HLS-100] Command 'create_rtl_model' returned 0; elapsed 3.032Total elapsed time: 31.358 sec.
@I [HLS-111] Elapsed time: 4.126 seconds; current memory usage: 199 MB.
@I [HLS-100] Command "source C:/Users/s02so/simpleCounter/solution1/.autopilot/db/freq_serial.rtl_wrap.cfg.tcl "
@I [HLS-100] Command 'ap_source' returned 0; elapsed 0.001Total elapsed time: 31.653 sec.
@I [HLS-100] Command "gen_rtl freq_serial -istop -style xilinx -tracefl mytrace -tracefmt vcd -traceopt all -f -lang sc -o C:/Users/s02so/simpleCounter/solution1/syn/systemc/freq_serial -synmodules freq_serial "
@I [HLS-100] Command 'gen_rtl' returned 0; elapsed 0.032Total elapsed time: 31.687 sec.
@I [HLS-100] Command "gen_rtl freq_serial -istop -style xilinx -f -lang vhdl -o C:/Users/s02so/simpleCounter/solution1/syn/vhdl/freq_serial "
@I [HLS-100] Command 'gen_rtl' returned 0; elapsed 0.259Total elapsed time: 31.946 sec.
@I [HLS-100] Command "gen_rtl freq_serial -istop -style xilinx -f -lang vlog -o C:/Users/s02so/simpleCounter/solution1/syn/verilog/freq_serial "
@I [HLS-100] Command 'gen_rtl' returned 0; elapsed 0.19Total elapsed time: 32.138 sec.
@I [HLS-100] Command "export_constraint_db -o C:/Users/s02so/simpleCounter/solution1/.autopilot/db/freq_serial.constraint.tcl -f -tool general "
@I [HLS-100] Command 'export_constraint_db' returned 0; elapsed 0.009Total elapsed time: 32.161 sec.
@I [HLS-100] Command "report -model freq_serial -o C:/Users/s02so/simpleCounter/solution1/.autopilot/db/freq_serial.design.xml -verbose -f -dv "
@I [HLS-100] Command 'report' returned 0; elapsed 0.187Total elapsed time: 32.349 sec.
@I [HLS-100] Command "report -model freq_serial -o C:/Users/s02so/simpleCounter/solution1/.autopilot/db/freq_serial.sdaccel.xml -verbose -f -sdaccel "
@I [HLS-100] Command 'report' returned 0; elapsed 0.374Total elapsed time: 32.725 sec.
@I [HLS-100] Command "gen_tb_info freq_serial -o C:/Users/s02so/simpleCounter/solution1/.autopilot/db/freq_serial -p C:/Users/s02so/simpleCounter/solution1/.autopilot/db "
@I [HLS-100] Command 'gen_tb_info' returned 0; elapsed 0.02Total elapsed time: 32.746 sec.
@I [HLS-100] Command "report -model freq_serial -o C:/Users/s02so/simpleCounter/solution1/syn/report/freq_serial_csynth.rpt -f "
@I [HLS-100] Command 'report' returned 0; elapsed 0.117Total elapsed time: 32.866 sec.
@I [HLS-100] Command "report -model freq_serial -o C:/Users/s02so/simpleCounter/solution1/syn/report/freq_serial_csynth.xml -f -x "
@I [HLS-100] Command 'report' returned 0; elapsed 0.118Total elapsed time: 32.984 sec.
@I [HLS-100] Command "report -model freq_serial -o C:/Users/s02so/simpleCounter/solution1/.autopilot/db/freq_serial.verbose.rpt -verbose -f "
@I [HLS-100] Command 'report' returned 0; elapsed 0.44Total elapsed time: 33.426 sec.
@I [HLS-100] Command "db_write -model freq_serial -o C:/Users/s02so/simpleCounter/solution1/.autopilot/db/freq_serial.adb -f "
@I [HLS-100] Command 'db_write' returned 0; elapsed 0.833Total elapsed time: 34.261 sec.
@I [HLS-100] Command "sc_get_clocks freq_serial "
@I [HLS-100] Command 'sc_get_clocks' returned 0; elapsed 0Total elapsed time: 35.261 sec.
@I [HLS-100] Command "sc_get_portdomain freq_serial "
@I [HLS-100] Command 'sc_get_portdomain' returned 0; elapsed 0Total elapsed time: 35.262 sec.
@I [HLS-0] Model list for RTL component generation: freq_serial
@I [HLS-0] Handling components in module [freq_serial] ... 
@I [HLS-100] Command "source C:/Users/s02so/simpleCounter/solution1/.autopilot/db/freq_serial.compgen.tcl "
@I [HLS-0] Found component freq_serial_mux_32to1_sel5_44_1.
@I [HLS-0] Append model freq_serial_mux_32to1_sel5_44_1
@I [HLS-0] Found component freq_serial_mux_96to1_sel7_43_1.
@I [HLS-0] Append model freq_serial_mux_96to1_sel7_43_1
@I [HLS-0] Found component freq_serial_mux_112to1_sel7_43_1.
@I [HLS-0] Append model freq_serial_mux_112to1_sel7_43_1
@I [HLS-0] Found component freq_serial_FREQ_PERIPH_BUS_s_axi.
@I [HLS-0] Append model freq_serial_FREQ_PERIPH_BUS_s_axi
@I [HLS-100] Command 'ap_source' returned 0; elapsed 0.005Total elapsed time: 35.277 sec.
@I [HLS-0] Append model freq_serial
@I [HLS-0] Generating RTL model list ...
@I [HLS-0] All models in this session: freq_serial_mux_32to1_sel5_44_1 freq_serial_mux_96to1_sel7_43_1 freq_serial_mux_112to1_sel7_43_1 freq_serial_FREQ_PERIPH_BUS_s_axi freq_serial
@I [HLS-0] To file: write model freq_serial_mux_32to1_sel5_44_1
@I [HLS-0] To file: write model freq_serial_mux_96to1_sel7_43_1
@I [HLS-0] To file: write model freq_serial_mux_112to1_sel7_43_1
@I [HLS-0] To file: write model freq_serial_FREQ_PERIPH_BUS_s_axi
@I [HLS-0] To file: write model freq_serial
@I [HLS-0] Finished generating RTL model list.


@I [HLS-0] RTL Generation done.
@I [HLS-0] CAS Generation done.
@I [HLS-0] CBC Generation done.
@I [HLS-100] Command "export_ssdm C:/Users/s02so/simpleCounter/solution1/.autopilot/db/a.export.ll "
@I [HLS-100] Command 'export_ssdm' returned 0; elapsed 0.006Total elapsed time: 35.295 sec.
@I [HLS-100] Command "source C:/Users/s02so/simpleCounter/solution1/.autopilot/db/global.setting.tcl "
@I [HLS-100] Command 'ap_source' returned 0; elapsed 0Total elapsed time: 35.301 sec.
@I [HLS-100] Command "source C:/Xilinx/Vivado_HLS/2016.2/common/technology/generic/autopilot/common.gen "
@I [HLS-100] Command "source C:/Xilinx/Vivado_HLS/2016.2/common/technology/generic/autopilot/APCoreGen.gen "
@I [HLS-100] Command 'ap_source' returned 0; elapsed 0.003Total elapsed time: 35.327 sec.
@I [HLS-100] Command 'ap_source' returned 0; elapsed 0.009Total elapsed time: 35.328 sec.
@I [HLS-100] Command "source C:/Xilinx/Vivado_HLS/2016.2/common/technology/generic/autopilot/op.gen "
@I [HLS-100] Command 'ap_source' returned 0; elapsed 0.004Total elapsed time: 35.332 sec.
@I [HLS-100] Command "source C:/Xilinx/Vivado_HLS/2016.2/common/technology/generic/autopilot/op_simcore.gen "
@I [HLS-100] Command 'ap_source' returned 0; elapsed 0.006Total elapsed time: 35.339 sec.
@I [HLS-100] Command "source C:/Xilinx/Vivado_HLS/2016.2/common/technology/generic/autopilot/interface.gen "
@I [HLS-100] Command 'ap_source' returned 0; elapsed 0.003Total elapsed time: 35.342 sec.
@I [HLS-100] Command "source C:/Users/s02so/simpleCounter/solution1/.autopilot/db/global.setting.tcl "
@I [HLS-100] Command 'ap_source' returned 0; elapsed 0.001Total elapsed time: 35.343 sec.
@I [HLS-100] Command "source C:/Xilinx/Vivado_HLS/2016.2/common/technology/xilinx/zynq/zynq.gen "
@I [HLS-100] Command "source C:/Xilinx/Vivado_HLS/2016.2/common/technology/xilinx/common/virtex.gen "
@I [HLS-100] Command "source C:/Xilinx/Vivado_HLS/2016.2/common/technology/xilinx/common/xilinx.gen "
@I [HLS-100] Command "source C:/Xilinx/Vivado_HLS/2016.2/common/technology/xilinx/interface/plb46.gen "
@I [HLS-100] Command 'ap_source' returned 0; elapsed 0.001Total elapsed time: 35.345 sec.
@I [HLS-100] Command "source C:/Xilinx/Vivado_HLS/2016.2/common/technology/xilinx/interface/fsl.gen "
@I [HLS-100] Command 'ap_source' returned 0; elapsed 0.001Total elapsed time: 35.346 sec.
@I [HLS-100] Command "source C:/Xilinx/Vivado_HLS/2016.2/common/technology/xilinx/interface/axi4.gen "
@I [HLS-100] Command 'ap_source' returned 0; elapsed 0.002Total elapsed time: 35.348 sec.
@I [HLS-100] Command "source C:/Xilinx/Vivado_HLS/2016.2/common/technology/xilinx/interface/nativeAXI4.gen "
@I [HLS-100] Command "source C:/Xilinx/Vivado_HLS/2016.2/common/technology/xilinx/interface/saxilite.gen "
@I [HLS-100] Command 'ap_source' returned 0; elapsed 0.003Total elapsed time: 35.352 sec.
@I [HLS-100] Command "source C:/Xilinx/Vivado_HLS/2016.2/common/technology/xilinx/interface/maxi.gen "
@I [HLS-100] Command 'ap_source' returned 0; elapsed 0.008Total elapsed time: 35.360 sec.
@I [HLS-100] Command 'ap_source' returned 0; elapsed 0.012Total elapsed time: 35.360 sec.
@I [HLS-100] Command "source C:/Xilinx/Vivado_HLS/2016.2/common/technology/xilinx/scripts/xilinxcoregen.gen "
@I [HLS-100] Command 'ap_source' returned 0; elapsed 0.009Total elapsed time: 35.370 sec.
@I [HLS-100] Command "source C:/Xilinx/Vivado_HLS/2016.2/common/technology/xilinx/interface/XilEDKCoreGen.gen "
@I [HLS-100] Command 'ap_source' returned 0; elapsed 0.009Total elapsed time: 35.379 sec.
@I [HLS-100] Command "source C:/Xilinx/Vivado_HLS/2016.2/common/technology/xilinx/ip/dds_compiler.gen "
@I [HLS-100] Command 'ap_source' returned 0; elapsed 0.003Total elapsed time: 35.382 sec.
@I [HLS-100] Command "source C:/Xilinx/Vivado_HLS/2016.2/common/technology/xilinx/ip/util.gen "
@I [HLS-100] Command 'ap_source' returned 0; elapsed 0Total elapsed time: 35.383 sec.
@I [HLS-100] Command "source C:/Xilinx/Vivado_HLS/2016.2/common/technology/xilinx/ip/xfft.gen "
@I [HLS-100] Command 'ap_source' returned 0; elapsed 0.092Total elapsed time: 35.475 sec.
@I [HLS-100] Command "source C:/Xilinx/Vivado_HLS/2016.2/common/technology/xilinx/ip/xfir.gen "
@I [HLS-100] Command 'ap_source' returned 0; elapsed 0.001Total elapsed time: 35.477 sec.
@I [HLS-100] Command 'ap_source' returned 0; elapsed 0.133Total elapsed time: 35.477 sec.
@I [HLS-100] Command "source C:/Xilinx/Vivado_HLS/2016.2/common/technology/xilinx/common/dsp48.gen "
@I [HLS-100] Command 'ap_source' returned 0; elapsed 0Total elapsed time: 35.479 sec.
@I [HLS-100] Command 'ap_source' returned 0; elapsed 0.136Total elapsed time: 35.479 sec.
@I [HLS-100] Command 'ap_source' returned 0; elapsed 0.137Total elapsed time: 35.480 sec.
@I [HLS-100] Command "source C:/Xilinx/Vivado_HLS/2016.2/common/technology/xilinx/zynq/zynq_fpv6.gen "
@I [HLS-100] Command "source C:/Xilinx/Vivado_HLS/2016.2/common/technology/xilinx/common/xilinx_fpv6.gen "
@I [HLS-100] Command 'ap_source' returned 0; elapsed 0.002Total elapsed time: 35.482 sec.
@I [HLS-100] Command 'ap_source' returned 0; elapsed 0.002Total elapsed time: 35.482 sec.
@I [HLS-100] Command "source C:/Users/s02so/simpleCounter/solution1/.autopilot/db/global.setting.tcl "
@I [HLS-100] Command 'ap_source' returned 0; elapsed 0.001Total elapsed time: 35.486 sec.
@I [HLS-100] Command "source C:/Users/s02so/simpleCounter/solution1/.autopilot/db/global.setting.tcl "
@I [HLS-100] Command 'ap_source' returned 0; elapsed 0Total elapsed time: 35.487 sec.
@I [HLS-100] Command "source C:/Users/s02so/simpleCounter/solution1/.autopilot/db/global.setting.tcl "
@I [HLS-100] Command 'ap_source' returned 0; elapsed 0Total elapsed time: 35.488 sec.
@I [HLS-100] Command "source C:/Users/s02so/simpleCounter/solution1/.autopilot/db/global.setting.tcl "
@I [HLS-100] Command 'ap_source' returned 0; elapsed 0Total elapsed time: 35.489 sec.
@I [HLS-100] Command "source C:/Users/s02so/simpleCounter/solution1/.autopilot/db/freq_serial.compgen.tcl "
@I [HLS-100] Command "source ./FREQ_PERIPH_BUS.slave.tcl "
@I [HLS-100] Command 'ap_source' returned 0; elapsed 0Total elapsed time: 35.604 sec.
@I [HLS-100] Command 'ap_source' returned 0; elapsed 0.171Total elapsed time: 35.661 sec.
@I [HLS-10] Finished generating all RTL models.
@0 [HLS-0] Finished generating all RTL models.
@I [SYSC-301] Generating SystemC RTL for freq_serial.
@I [VHDL-304] Generating VHDL RTL for freq_serial.
@I [VLOG-307] Generating Verilog RTL for freq_serial.
@I [HLS-100] Command 'autosyn' returned 0; elapsed 11.634Total elapsed time: 35.685 sec.
@I [HLS-100] Command 'csynth_design' returned 0; elapsed 33.652Total elapsed time: 35.686 sec.
@I [HLS-100] Command 'ap_source' returned 0; elapsed 34.336Total elapsed time: 35.686 sec.
@I [HLS-100] Command "cleanup_all "
@I [HLS-100] Command 'cleanup_all' returned 0; elapsed 0.068Total elapsed time: 35.755 sec.
