==============================================================
File generated by Vivado(TM) HLS - High-Level Synthesis from C, C++ and SystemC
Version: 2016.2
Copyright (C) 1986-2016 Xilinx, Inc. All Rights Reserved.

==============================================================

@I [SYN-201] Setting up clock 'default' with a period of 10ns.
@I [HLS-10] Setting target device to 'xc7z020clg484-1'
@I [HLS-10] Analyzing design file 'simpleCounter.cpp' ... 
@I [HLS-10] Validating synthesis directives ...
@I [HLS-10] Starting code transformations ...
@I [HLS-10] Checking synthesizability ...
@I [XFORM-602] Inlining function 'seedNext' into 'freq_serial' (simpleCounter.cpp:98) automatically.
@I [XFORM-101] Partitioning array 'freqCount.V'  in dimension 1 completely.
@W [XFORM-104] Completely partitioning array 'serialTwoCount.V'  accessed through non-constant indices on dimension 1 (simpleCounter.cpp:215:24), which may result in long runtime and suboptimal QoR due to large multiplexers. Please consider wrapping the array access into a function or using a register file core instead.
@I [XFORM-101] Partitioning array 'serialTwoCount.V'  in dimension 1 completely.
@W [XFORM-104] Completely partitioning array 'serialThreeCount.V'  accessed through non-constant indices on dimension 1 (simpleCounter.cpp:218:26), which may result in long runtime and suboptimal QoR due to large multiplexers. Please consider wrapping the array access into a function or using a register file core instead.
@I [XFORM-101] Partitioning array 'serialThreeCount.V'  in dimension 1 completely.
@I [XFORM-602] Inlining function 'seedNext' into 'freq_serial' (simpleCounter.cpp:98) automatically.
@I [XFORM-11] Balancing expressions in function 'freq_serial' (simpleCounter.cpp:23)...3 expression(s) balanced.
@I [HLS-111] Elapsed time: 24.058 seconds; current memory usage: 178 MB.
@I [HLS-10] Starting hardware synthesis ...
@I [HLS-10] Synthesizing 'freq_serial' ...
@I [HLS-10] ----------------------------------------------------------------
@I [HLS-10] -- Scheduling module 'freq_serial' 
@I [HLS-10] ----------------------------------------------------------------
@I [SCHED-11] Starting scheduling ...
@I [SCHED-61] Pipelining loop 'Loop 1'.
@I [SCHED-61] Pipelining result: Target II: 1, Final II: 1, Depth: 1.
@I [SCHED-11] Finished scheduling.
@I [HLS-111] Elapsed time: 2.346 seconds; current memory usage: 198 MB.
@I [HLS-10] ----------------------------------------------------------------
@I [HLS-10] -- Exploring micro-architecture for module 'freq_serial' 
@I [HLS-10] ----------------------------------------------------------------
@I [BIND-100] Starting micro-architecture generation ...
@I [BIND-101] Performing variable lifetime analysis.
@I [BIND-101] Exploring resource sharing.
@I [BIND-101] Binding ...
@I [BIND-100] Finished micro-architecture generation.
@I [HLS-111] Elapsed time: 1.112 seconds; current memory usage: 199 MB.
@I [HLS-10] ----------------------------------------------------------------
@I [HLS-10] -- Generating RTL for module 'freq_serial' 
@I [HLS-10] ----------------------------------------------------------------
@I [RTGEN-500] Setting interface mode on port 'freq_serial/freqStream_V' to 's_axilite & ap_memory'.
@I [RTGEN-500] Setting interface mode on port 'freq_serial/serialTwoStream_V' to 's_axilite & ap_memory'.
@I [RTGEN-500] Setting interface mode on port 'freq_serial/serialThreeStream_V' to 's_axilite & ap_memory'.
@I [RTGEN-500] Setting interface mode on port 'freq_serial/seed_V' to 's_axilite & ap_none'.
@I [RTGEN-500] Setting interface mode on port 'freq_serial/n_V' to 's_axilite & ap_none'.
@I [RTGEN-500] Setting interface mode on port 'freq_serial/offset_V' to 's_axilite & ap_none'.
@I [RTGEN-500] Setting interface mode on function 'freq_serial' to 's_axilite & ap_ctrl_hs'.
@W [RTGEN-101] Register 'freqCount_V_0' is power-on initialization.
@W [RTGEN-101] Register 'freqCount_V_1' is power-on initialization.
@W [RTGEN-101] Register 'freqCount_V_2' is power-on initialization.
@W [RTGEN-101] Register 'freqCount_V_3' is power-on initialization.
@W [RTGEN-101] Register 'freqCount_V_4' is power-on initialization.
@W [RTGEN-101] Register 'freqCount_V_5' is power-on initialization.
@W [RTGEN-101] Register 'freqCount_V_6' is power-on initialization.
@W [RTGEN-101] Register 'freqCount_V_7' is power-on initialization.
@W [RTGEN-101] Register 'freqCount_V_8' is power-on initialization.
@W [RTGEN-101] Register 'freqCount_V_9' is power-on initialization.
@W [RTGEN-101] Register 'freqCount_V_10' is power-on initialization.
@W [RTGEN-101] Register 'freqCount_V_11' is power-on initialization.
@W [RTGEN-101] Register 'freqCount_V_12' is power-on initialization.
@W [RTGEN-101] Register 'freqCount_V_13' is power-on initialization.
@W [RTGEN-101] Register 'freqCount_V_14' is power-on initialization.
@W [RTGEN-101] Register 'freqCount_V_15' is power-on initialization.
@W [RTGEN-101] Register 'freqCount_V_16' is power-on initialization.
@W [RTGEN-101] Register 'freqCount_V_17' is power-on initialization.
@W [RTGEN-101] Register 'freqCount_V_18' is power-on initialization.
@W [RTGEN-101] Register 'freqCount_V_19' is power-on initialization.
@W [RTGEN-101] Register 'freqCount_V_20' is power-on initialization.
@W [RTGEN-101] Register 'freqCount_V_21' is power-on initialization.
@W [RTGEN-101] Register 'freqCount_V_22' is power-on initialization.
@W [RTGEN-101] Register 'freqCount_V_23' is power-on initialization.
@W [RTGEN-101] Register 'freqCount_V_24' is power-on initialization.
@W [RTGEN-101] Register 'freqCount_V_25' is power-on initialization.
@W [RTGEN-101] Register 'freqCount_V_26' is power-on initialization.
@W [RTGEN-101] Register 'freqCount_V_27' is power-on initialization.
@W [RTGEN-101] Register 'freqCount_V_28' is power-on initialization.
@W [RTGEN-101] Register 'freqCount_V_29' is power-on initialization.
@W [RTGEN-101] Register 'freqCount_V_30' is power-on initialization.
@W [RTGEN-101] Register 'freqCount_V_31' is power-on initialization.
@W [RTGEN-101] Register 'x_V' is power-on initialization.
@W [RTGEN-101] Register 'y_V' is power-on initialization.
@W [RTGEN-101] Register 'z_V' is power-on initialization.
@W [RTGEN-101] Register 'serialTwoCount_V_0' is power-on initialization.
@W [RTGEN-101] Register 'serialTwoCount_V_1' is power-on initialization.
@W [RTGEN-101] Register 'serialTwoCount_V_2' is power-on initialization.
@W [RTGEN-101] Register 'serialTwoCount_V_3' is power-on initialization.
@W [RTGEN-101] Register 'serialTwoCount_V_4' is power-on initialization.
@W [RTGEN-101] Register 'serialTwoCount_V_5' is power-on initialization.
@W [RTGEN-101] Register 'serialTwoCount_V_6' is power-on initialization.
@W [RTGEN-101] Register 'serialTwoCount_V_7' is power-on initialization.
@W [RTGEN-101] Register 'serialTwoCount_V_8' is power-on initialization.
@W [RTGEN-101] Register 'serialTwoCount_V_9' is power-on initialization.
@W [RTGEN-101] Register 'serialTwoCount_V_10' is power-on initialization.
@W [RTGEN-101] Register 'serialTwoCount_V_11' is power-on initialization.
@W [RTGEN-101] Register 'serialTwoCount_V_12' is power-on initialization.
@W [RTGEN-101] Register 'serialTwoCount_V_13' is power-on initialization.
@W [RTGEN-101] Register 'serialTwoCount_V_14' is power-on initialization.
@W [RTGEN-101] Register 'serialTwoCount_V_15' is power-on initialization.
@W [RTGEN-101] Register 'serialTwoCount_V_16' is power-on initialization.
@W [RTGEN-101] Register 'serialTwoCount_V_17' is power-on initialization.
@W [RTGEN-101] Register 'serialTwoCount_V_18' is power-on initialization.
@W [RTGEN-101] Register 'serialTwoCount_V_19' is power-on initialization.
@W [RTGEN-101] Register 'serialTwoCount_V_20' is power-on initialization.
@W [RTGEN-101] Register 'serialTwoCount_V_21' is power-on initialization.
@W [RTGEN-101] Register 'serialTwoCount_V_22' is power-on initialization.
@W [RTGEN-101] Register 'serialTwoCount_V_23' is power-on initialization.
@W [RTGEN-101] Register 'serialTwoCount_V_24' is power-on initialization.
@W [RTGEN-101] Register 'serialTwoCount_V_25' is power-on initialization.
@W [RTGEN-101] Register 'serialTwoCount_V_26' is power-on initialization.
@W [RTGEN-101] Register 'serialTwoCount_V_27' is power-on initialization.
@W [RTGEN-101] Register 'serialTwoCount_V_28' is power-on initialization.
@W [RTGEN-101] Register 'serialTwoCount_V_29' is power-on initialization.
@W [RTGEN-101] Register 'serialTwoCount_V_30' is power-on initialization.
@W [RTGEN-101] Register 'serialTwoCount_V_31' is power-on initialization.
@W [RTGEN-101] Register 'serialTwoCount_V_32' is power-on initialization.
@W [RTGEN-101] Register 'serialTwoCount_V_33' is power-on initialization.
@W [RTGEN-101] Register 'serialTwoCount_V_34' is power-on initialization.
@W [RTGEN-101] Register 'serialTwoCount_V_35' is power-on initialization.
@W [RTGEN-101] Register 'serialTwoCount_V_36' is power-on initialization.
@W [RTGEN-101] Register 'serialTwoCount_V_37' is power-on initialization.
@W [RTGEN-101] Register 'serialTwoCount_V_38' is power-on initialization.
@W [RTGEN-101] Register 'serialTwoCount_V_39' is power-on initialization.
@W [RTGEN-101] Register 'serialTwoCount_V_40' is power-on initialization.
@W [RTGEN-101] Register 'serialTwoCount_V_41' is power-on initialization.
@W [RTGEN-101] Register 'serialTwoCount_V_42' is power-on initialization.
@W [RTGEN-101] Register 'serialTwoCount_V_43' is power-on initialization.
@W [RTGEN-101] Register 'serialTwoCount_V_44' is power-on initialization.
@W [RTGEN-101] Register 'serialTwoCount_V_45' is power-on initialization.
@W [RTGEN-101] Register 'serialTwoCount_V_46' is power-on initialization.
@W [RTGEN-101] Register 'serialTwoCount_V_47' is power-on initialization.
@W [RTGEN-101] Register 'serialTwoCount_V_48' is power-on initialization.
@W [RTGEN-101] Register 'serialTwoCount_V_49' is power-on initialization.
@W [RTGEN-101] Register 'serialTwoCount_V_50' is power-on initialization.
@W [RTGEN-101] Register 'serialTwoCount_V_51' is power-on initialization.
@W [RTGEN-101] Register 'serialTwoCount_V_52' is power-on initialization.
@W [RTGEN-101] Register 'serialTwoCount_V_53' is power-on initialization.
@W [RTGEN-101] Register 'serialTwoCount_V_54' is power-on initialization.
@W [RTGEN-101] Register 'serialTwoCount_V_55' is power-on initialization.
@W [RTGEN-101] Register 'serialTwoCount_V_56' is power-on initialization.
@W [RTGEN-101] Register 'serialTwoCount_V_57' is power-on initialization.
@W [RTGEN-101] Register 'serialTwoCount_V_58' is power-on initialization.
@W [RTGEN-101] Register 'serialTwoCount_V_59' is power-on initialization.
@W [RTGEN-101] Register 'serialTwoCount_V_60' is power-on initialization.
@W [RTGEN-101] Register 'serialTwoCount_V_61' is power-on initialization.
@W [RTGEN-101] Register 'serialTwoCount_V_62' is power-on initialization.
@W [RTGEN-101] Register 'serialTwoCount_V_63' is power-on initialization.
@W [RTGEN-101] Register 'serialTwoCount_V_64' is power-on initialization.
@W [RTGEN-101] Register 'serialTwoCount_V_65' is power-on initialization.
@W [RTGEN-101] Register 'serialTwoCount_V_66' is power-on initialization.
@W [RTGEN-101] Register 'serialTwoCount_V_67' is power-on initialization.
@W [RTGEN-101] Register 'serialTwoCount_V_68' is power-on initialization.
@W [RTGEN-101] Register 'serialTwoCount_V_69' is power-on initialization.
@W [RTGEN-101] Register 'serialTwoCount_V_70' is power-on initialization.
@W [RTGEN-101] Register 'serialTwoCount_V_71' is power-on initialization.
@W [RTGEN-101] Register 'serialTwoCount_V_72' is power-on initialization.
@W [RTGEN-101] Register 'serialTwoCount_V_73' is power-on initialization.
@W [RTGEN-101] Register 'serialTwoCount_V_74' is power-on initialization.
@W [RTGEN-101] Register 'serialTwoCount_V_75' is power-on initialization.
@W [RTGEN-101] Register 'serialTwoCount_V_76' is power-on initialization.
@W [RTGEN-101] Register 'serialTwoCount_V_77' is power-on initialization.
@W [RTGEN-101] Register 'serialTwoCount_V_78' is power-on initialization.
@W [RTGEN-101] Register 'serialTwoCount_V_79' is power-on initialization.
@W [RTGEN-101] Register 'serialTwoCount_V_80' is power-on initialization.
@W [RTGEN-101] Register 'serialTwoCount_V_81' is power-on initialization.
@W [RTGEN-101] Register 'serialTwoCount_V_82' is power-on initialization.
@W [RTGEN-101] Register 'serialTwoCount_V_83' is power-on initialization.
@W [RTGEN-101] Register 'serialTwoCount_V_84' is power-on initialization.
@W [RTGEN-101] Register 'serialTwoCount_V_85' is power-on initialization.
@W [RTGEN-101] Register 'serialTwoCount_V_86' is power-on initialization.
@W [RTGEN-101] Register 'serialTwoCount_V_87' is power-on initialization.
@W [RTGEN-101] Register 'serialTwoCount_V_88' is power-on initialization.
@W [RTGEN-101] Register 'serialTwoCount_V_89' is power-on initialization.
@W [RTGEN-101] Register 'serialTwoCount_V_90' is power-on initialization.
@W [RTGEN-101] Register 'serialTwoCount_V_91' is power-on initialization.
@W [RTGEN-101] Register 'serialTwoCount_V_92' is power-on initialization.
@W [RTGEN-101] Register 'serialTwoCount_V_93' is power-on initialization.
@W [RTGEN-101] Register 'serialTwoCount_V_94' is power-on initialization.
@W [RTGEN-101] Register 'serialTwoCount_V_95' is power-on initialization.
@W [RTGEN-101] Register 'serialThreeCount_V_0' is power-on initialization.
@W [RTGEN-101] Register 'serialThreeCount_V_1' is power-on initialization.
@W [RTGEN-101] Register 'serialThreeCount_V_2' is power-on initialization.
@W [RTGEN-101] Register 'serialThreeCount_V_3' is power-on initialization.
@W [RTGEN-101] Register 'serialThreeCount_V_4' is power-on initialization.
@W [RTGEN-101] Register 'serialThreeCount_V_5' is power-on initialization.
@W [RTGEN-101] Register 'serialThreeCount_V_6' is power-on initialization.
@W [RTGEN-101] Register 'serialThreeCount_V_7' is power-on initialization.
@W [RTGEN-101] Register 'serialThreeCount_V_8' is power-on initialization.
@W [RTGEN-101] Register 'serialThreeCount_V_9' is power-on initialization.
@W [RTGEN-101] Register 'serialThreeCount_V_10' is power-on initialization.
@W [RTGEN-101] Register 'serialThreeCount_V_11' is power-on initialization.
@W [RTGEN-101] Register 'serialThreeCount_V_12' is power-on initialization.
@W [RTGEN-101] Register 'serialThreeCount_V_13' is power-on initialization.
@W [RTGEN-101] Register 'serialThreeCount_V_14' is power-on initialization.
@W [RTGEN-101] Register 'serialThreeCount_V_15' is power-on initialization.
@W [RTGEN-101] Register 'serialThreeCount_V_16' is power-on initialization.
@W [RTGEN-101] Register 'serialThreeCount_V_17' is power-on initialization.
@W [RTGEN-101] Register 'serialThreeCount_V_18' is power-on initialization.
@W [RTGEN-101] Register 'serialThreeCount_V_19' is power-on initialization.
@W [RTGEN-101] Register 'serialThreeCount_V_20' is power-on initialization.
@W [RTGEN-101] Register 'serialThreeCount_V_21' is power-on initialization.
@W [RTGEN-101] Register 'serialThreeCount_V_22' is power-on initialization.
@W [RTGEN-101] Register 'serialThreeCount_V_23' is power-on initialization.
@W [RTGEN-101] Register 'serialThreeCount_V_24' is power-on initialization.
@W [RTGEN-101] Register 'serialThreeCount_V_25' is power-on initialization.
@W [RTGEN-101] Register 'serialThreeCount_V_26' is power-on initialization.
@W [RTGEN-101] Register 'serialThreeCount_V_27' is power-on initialization.
@W [RTGEN-101] Register 'serialThreeCount_V_28' is power-on initialization.
@W [RTGEN-101] Register 'serialThreeCount_V_29' is power-on initialization.
@W [RTGEN-101] Register 'serialThreeCount_V_30' is power-on initialization.
@W [RTGEN-101] Register 'serialThreeCount_V_31' is power-on initialization.
@W [RTGEN-101] Register 'serialThreeCount_V_32' is power-on initialization.
@W [RTGEN-101] Register 'serialThreeCount_V_33' is power-on initialization.
@W [RTGEN-101] Register 'serialThreeCount_V_34' is power-on initialization.
@W [RTGEN-101] Register 'serialThreeCount_V_35' is power-on initialization.
@W [RTGEN-101] Register 'serialThreeCount_V_36' is power-on initialization.
@W [RTGEN-101] Register 'serialThreeCount_V_37' is power-on initialization.
@W [RTGEN-101] Register 'serialThreeCount_V_38' is power-on initialization.
@W [RTGEN-101] Register 'serialThreeCount_V_39' is power-on initialization.
@W [RTGEN-101] Register 'serialThreeCount_V_40' is power-on initialization.
@W [RTGEN-101] Register 'serialThreeCount_V_41' is power-on initialization.
@W [RTGEN-101] Register 'serialThreeCount_V_42' is power-on initialization.
@W [RTGEN-101] Register 'serialThreeCount_V_43' is power-on initialization.
@W [RTGEN-101] Register 'serialThreeCount_V_44' is power-on initialization.
@W [RTGEN-101] Register 'serialThreeCount_V_45' is power-on initialization.
@W [RTGEN-101] Register 'serialThreeCount_V_46' is power-on initialization.
@W [RTGEN-101] Register 'serialThreeCount_V_47' is power-on initialization.
@W [RTGEN-101] Register 'serialThreeCount_V_48' is power-on initialization.
@W [RTGEN-101] Register 'serialThreeCount_V_49' is power-on initialization.
@W [RTGEN-101] Register 'serialThreeCount_V_50' is power-on initialization.
@W [RTGEN-101] Register 'serialThreeCount_V_51' is power-on initialization.
@W [RTGEN-101] Register 'serialThreeCount_V_52' is power-on initialization.
@W [RTGEN-101] Register 'serialThreeCount_V_53' is power-on initialization.
@W [RTGEN-101] Register 'serialThreeCount_V_54' is power-on initialization.
@W [RTGEN-101] Register 'serialThreeCount_V_55' is power-on initialization.
@W [RTGEN-101] Register 'serialThreeCount_V_56' is power-on initialization.
@W [RTGEN-101] Register 'serialThreeCount_V_57' is power-on initialization.
@W [RTGEN-101] Register 'serialThreeCount_V_58' is power-on initialization.
@W [RTGEN-101] Register 'serialThreeCount_V_59' is power-on initialization.
@W [RTGEN-101] Register 'serialThreeCount_V_60' is power-on initialization.
@W [RTGEN-101] Register 'serialThreeCount_V_61' is power-on initialization.
@W [RTGEN-101] Register 'serialThreeCount_V_62' is power-on initialization.
@W [RTGEN-101] Register 'serialThreeCount_V_63' is power-on initialization.
@W [RTGEN-101] Register 'serialThreeCount_V_64' is power-on initialization.
@W [RTGEN-101] Register 'serialThreeCount_V_65' is power-on initialization.
@W [RTGEN-101] Register 'serialThreeCount_V_66' is power-on initialization.
@W [RTGEN-101] Register 'serialThreeCount_V_67' is power-on initialization.
@W [RTGEN-101] Register 'serialThreeCount_V_68' is power-on initialization.
@W [RTGEN-101] Register 'serialThreeCount_V_69' is power-on initialization.
@W [RTGEN-101] Register 'serialThreeCount_V_70' is power-on initialization.
@W [RTGEN-101] Register 'serialThreeCount_V_71' is power-on initialization.
@W [RTGEN-101] Register 'serialThreeCount_V_72' is power-on initialization.
@W [RTGEN-101] Register 'serialThreeCount_V_73' is power-on initialization.
@W [RTGEN-101] Register 'serialThreeCount_V_74' is power-on initialization.
@W [RTGEN-101] Register 'serialThreeCount_V_75' is power-on initialization.
@W [RTGEN-101] Register 'serialThreeCount_V_76' is power-on initialization.
@W [RTGEN-101] Register 'serialThreeCount_V_77' is power-on initialization.
@W [RTGEN-101] Register 'serialThreeCount_V_78' is power-on initialization.
@W [RTGEN-101] Register 'serialThreeCount_V_79' is power-on initialization.
@W [RTGEN-101] Register 'serialThreeCount_V_80' is power-on initialization.
@W [RTGEN-101] Register 'serialThreeCount_V_81' is power-on initialization.
@W [RTGEN-101] Register 'serialThreeCount_V_82' is power-on initialization.
@W [RTGEN-101] Register 'serialThreeCount_V_83' is power-on initialization.
@W [RTGEN-101] Register 'serialThreeCount_V_84' is power-on initialization.
@W [RTGEN-101] Register 'serialThreeCount_V_85' is power-on initialization.
@W [RTGEN-101] Register 'serialThreeCount_V_86' is power-on initialization.
@W [RTGEN-101] Register 'serialThreeCount_V_87' is power-on initialization.
@W [RTGEN-101] Register 'serialThreeCount_V_88' is power-on initialization.
@W [RTGEN-101] Register 'serialThreeCount_V_89' is power-on initialization.
@W [RTGEN-101] Register 'serialThreeCount_V_90' is power-on initialization.
@W [RTGEN-101] Register 'serialThreeCount_V_91' is power-on initialization.
@W [RTGEN-101] Register 'serialThreeCount_V_92' is power-on initialization.
@W [RTGEN-101] Register 'serialThreeCount_V_93' is power-on initialization.
@W [RTGEN-101] Register 'serialThreeCount_V_94' is power-on initialization.
@W [RTGEN-101] Register 'serialThreeCount_V_95' is power-on initialization.
@W [RTGEN-101] Register 'serialThreeCount_V_96' is power-on initialization.
@W [RTGEN-101] Register 'serialThreeCount_V_97' is power-on initialization.
@W [RTGEN-101] Register 'serialThreeCount_V_98' is power-on initialization.
@W [RTGEN-101] Register 'serialThreeCount_V_99' is power-on initialization.
@W [RTGEN-101] Register 'serialThreeCount_V_100' is power-on initialization.
@W [RTGEN-101] Register 'serialThreeCount_V_101' is power-on initialization.
@W [RTGEN-101] Register 'serialThreeCount_V_102' is power-on initialization.
@W [RTGEN-101] Register 'serialThreeCount_V_103' is power-on initialization.
@W [RTGEN-101] Register 'serialThreeCount_V_104' is power-on initialization.
@W [RTGEN-101] Register 'serialThreeCount_V_105' is power-on initialization.
@W [RTGEN-101] Register 'serialThreeCount_V_106' is power-on initialization.
@W [RTGEN-101] Register 'serialThreeCount_V_107' is power-on initialization.
@W [RTGEN-101] Register 'serialThreeCount_V_108' is power-on initialization.
@W [RTGEN-101] Register 'serialThreeCount_V_109' is power-on initialization.
@W [RTGEN-101] Register 'serialThreeCount_V_110' is power-on initialization.
@W [RTGEN-101] Register 'serialThreeCount_V_111' is power-on initialization.
@I [RTGEN-100] Bundling port 'return', 'freqStream_V', 'serialThreeStream_V', 'seed_V', 'n_V' and 'offset_V' to AXI-Lite port FREQ_PERIPH_BUS.
@I [RTGEN-100] Generating core module 'freq_serial_mux_112to1_sel7_43_1': 1 instance(s).
@I [RTGEN-100] Generating core module 'freq_serial_mux_32to1_sel5_44_1': 1 instance(s).
@I [RTGEN-100] Generating core module 'freq_serial_mux_96to1_sel7_43_1': 1 instance(s).
@I [RTGEN-100] Finished creating RTL model for 'freq_serial'.
@I [HLS-111] Elapsed time: 4.126 seconds; current memory usage: 199 MB.
@I [HLS-10] Finished generating all RTL models.
@I [SYSC-301] Generating SystemC RTL for freq_serial.
@I [VHDL-304] Generating VHDL RTL for freq_serial.
@I [VLOG-307] Generating Verilog RTL for freq_serial.
@I [HLS-112] Total elapsed time: 35.788 seconds; peak memory usage: 199 MB.
