

================================================================
== Vivado HLS Report for 'freq_serial'
================================================================
* Date:           Thu Jun 16 05:58:12 2016

* Version:        2016.2 (Build 1577090 on Thu Jun 02 16:59:10 MDT 2016)
* Project:        simpleCounter
* Solution:       solution1
* Product family: zynq
* Target device:  xc7z020clg484-1


================================================================
== Performance Estimates
================================================================
+ Timing (ns): 
    * Summary: 
    +--------+-------+----------+------------+
    |  Clock | Target| Estimated| Uncertainty|
    +--------+-------+----------+------------+
    |ap_clk  |  10.00|      6.91|        1.25|
    +--------+-------+----------+------------+

+ Latency (clock cycles): 
    * Summary: 
    +-----+-------+-----+-------+---------+
    |   Latency   |   Interval  | Pipeline|
    | min |  max  | min |  max  |   Type  |
    +-----+-------+-----+-------+---------+
    |  344|  10244|  345|  10245|   none  |
    +-----+-------+-----+-------+---------+

    + Detail: 
        * Instance: 
        N/A

        * Loop: 
        +----------+-----+-------+----------+-----------+-----------+-------------+----------+
        |          |   Latency   | Iteration|  Initiation Interval  |     Trip    |          |
        | Loop Name| min |  max  |  Latency |  achieved |   target  |    Count    | Pipelined|
        +----------+-----+-------+----------+-----------+-----------+-------------+----------+
        |- Loop 1  |  100|  10000|         1|          1|          1| 100 ~ 10000 |    yes   |
        |- Loop 2  |   32|     32|         1|          -|          -|           32|    no    |
        |- Loop 3  |   96|     96|         1|          -|          -|           96|    no    |
        |- Loop 4  |  112|    112|         1|          -|          -|          112|    no    |
        +----------+-----+-------+----------+-----------+-----------+-------------+----------+



================================================================
== Utilization Estimates
================================================================
* Summary: 
+-----------------+---------+-------+--------+-------+
|       Name      | BRAM_18K| DSP48E|   FF   |  LUT  |
+-----------------+---------+-------+--------+-------+
|DSP              |        -|      -|       -|      -|
|Expression       |        -|      -|       0|  14676|
|FIFO             |        -|      -|       -|      -|
|Instance         |        6|      -|     371|   4790|
|Memory           |        -|      -|       -|      -|
|Multiplexer      |        -|      -|       -|    130|
|Register         |        -|      -|   10675|      -|
+-----------------+---------+-------+--------+-------+
|Total            |        6|      0|   11046|  19596|
+-----------------+---------+-------+--------+-------+
|Available        |      280|    220|  106400|  53200|
+-----------------+---------+-------+--------+-------+
|Utilization (%)  |        2|      0|      10|     36|
+-----------------+---------+-------+--------+-------+

+ Detail: 
    * Instance: 
    +-------------------------------------+-----------------------------------+---------+-------+-----+------+
    |               Instance              |               Module              | BRAM_18K| DSP48E|  FF |  LUT |
    +-------------------------------------+-----------------------------------+---------+-------+-----+------+
    |freq_serial_FREQ_PERIPH_BUS_s_axi_U  |freq_serial_FREQ_PERIPH_BUS_s_axi  |        6|      0|  371|   404|
    |freq_serial_mux_112to1_sel7_43_1_U2  |freq_serial_mux_112to1_sel7_43_1   |        0|      0|    0|  1462|
    |freq_serial_mux_32to1_sel5_44_1_U0   |freq_serial_mux_32to1_sel5_44_1    |        0|      0|    0|  1462|
    |freq_serial_mux_96to1_sel7_43_1_U1   |freq_serial_mux_96to1_sel7_43_1    |        0|      0|    0|  1462|
    +-------------------------------------+-----------------------------------+---------+-------+-----+------+
    |Total                                |                                   |        6|      0|  371|  4790|
    +-------------------------------------+-----------------------------------+---------+-------+-----+------+

    * DSP48: 
    N/A

    * Memory: 
    N/A

    * FIFO: 
    N/A

    * Expression: 
    +--------------------------------+----------+-------+---+-----+------------+------------+
    |          Variable Name         | Operation| DSP48E| FF| LUT | Bitwidth P0| Bitwidth P1|
    +--------------------------------+----------+-------+---+-----+------------+------------+
    |enableThreeSerial_1_fu_4515_p2  |     +    |      0|  0|   32|          32|           1|
    |i_1_fu_6326_p2                  |     +    |      0|  0|    6|           6|           1|
    |i_2_fu_6428_p2                  |     +    |      0|  0|    7|           7|           1|
    |i_3_fu_6654_p2                  |     +    |      0|  0|    7|           7|           1|
    |i_4_fu_1987_p2                  |     +    |      0|  0|   44|          44|           1|
    |tmp_100_fu_3344_p2              |     +    |      0|  0|   43|          43|           1|
    |tmp_101_fu_3356_p2              |     +    |      0|  0|   43|          43|           1|
    |tmp_102_fu_3384_p2              |     +    |      0|  0|   43|          43|           1|
    |tmp_103_fu_3396_p2              |     +    |      0|  0|   43|          43|           1|
    |tmp_104_fu_3408_p2              |     +    |      0|  0|   43|          43|           1|
    |tmp_105_fu_3436_p2              |     +    |      0|  0|   43|          43|           1|
    |tmp_106_fu_3448_p2              |     +    |      0|  0|   43|          43|           1|
    |tmp_107_fu_3460_p2              |     +    |      0|  0|   43|          43|           1|
    |tmp_108_fu_3488_p2              |     +    |      0|  0|   43|          43|           1|
    |tmp_109_fu_3500_p2              |     +    |      0|  0|   43|          43|           1|
    |tmp_110_fu_3512_p2              |     +    |      0|  0|   43|          43|           1|
    |tmp_111_fu_3540_p2              |     +    |      0|  0|   43|          43|           1|
    |tmp_112_fu_3552_p2              |     +    |      0|  0|   43|          43|           1|
    |tmp_113_fu_3564_p2              |     +    |      0|  0|   43|          43|           1|
    |tmp_114_fu_3592_p2              |     +    |      0|  0|   43|          43|           1|
    |tmp_115_fu_3604_p2              |     +    |      0|  0|   43|          43|           1|
    |tmp_116_fu_3616_p2              |     +    |      0|  0|   43|          43|           1|
    |tmp_117_fu_3644_p2              |     +    |      0|  0|   43|          43|           1|
    |tmp_118_fu_3656_p2              |     +    |      0|  0|   43|          43|           1|
    |tmp_119_fu_3668_p2              |     +    |      0|  0|   43|          43|           1|
    |tmp_11_fu_2110_p2               |     +    |      0|  0|   44|          44|          44|
    |tmp_120_fu_3696_p2              |     +    |      0|  0|   43|          43|           1|
    |tmp_121_fu_3708_p2              |     +    |      0|  0|   43|          43|           1|
    |tmp_122_fu_3720_p2              |     +    |      0|  0|   43|          43|           1|
    |tmp_123_fu_3748_p2              |     +    |      0|  0|   43|          43|           1|
    |tmp_124_fu_3760_p2              |     +    |      0|  0|   43|          43|           1|
    |tmp_125_fu_3772_p2              |     +    |      0|  0|   43|          43|           1|
    |tmp_126_fu_3800_p2              |     +    |      0|  0|   43|          43|           1|
    |tmp_127_fu_3812_p2              |     +    |      0|  0|   43|          43|           1|
    |tmp_128_fu_3824_p2              |     +    |      0|  0|   43|          43|           1|
    |tmp_129_fu_3852_p2              |     +    |      0|  0|   43|          43|           1|
    |tmp_130_fu_3864_p2              |     +    |      0|  0|   43|          43|           1|
    |tmp_131_fu_3876_p2              |     +    |      0|  0|   43|          43|           1|
    |tmp_132_fu_3904_p2              |     +    |      0|  0|   43|          43|           1|
    |tmp_133_fu_3916_p2              |     +    |      0|  0|   43|          43|           1|
    |tmp_134_fu_3928_p2              |     +    |      0|  0|   43|          43|           1|
    |tmp_135_fu_3956_p2              |     +    |      0|  0|   43|          43|           1|
    |tmp_136_fu_3968_p2              |     +    |      0|  0|   43|          43|           1|
    |tmp_137_fu_3980_p2              |     +    |      0|  0|   43|          43|           1|
    |tmp_138_fu_4008_p2              |     +    |      0|  0|   43|          43|           1|
    |tmp_139_fu_4020_p2              |     +    |      0|  0|   43|          43|           1|
    |tmp_13_fu_2134_p2               |     +    |      0|  0|   44|          44|          44|
    |tmp_140_fu_4032_p2              |     +    |      0|  0|   43|          43|           1|
    |tmp_141_fu_4060_p2              |     +    |      0|  0|   43|          43|           1|
    |tmp_142_fu_4072_p2              |     +    |      0|  0|   43|          43|           1|
    |tmp_143_fu_4084_p2              |     +    |      0|  0|   43|          43|           1|
    |tmp_144_fu_4112_p2              |     +    |      0|  0|   43|          43|           1|
    |tmp_145_fu_4124_p2              |     +    |      0|  0|   43|          43|           1|
    |tmp_146_fu_4136_p2              |     +    |      0|  0|   43|          43|           1|
    |tmp_147_fu_4164_p2              |     +    |      0|  0|   43|          43|           1|
    |tmp_148_fu_4176_p2              |     +    |      0|  0|   43|          43|           1|
    |tmp_149_fu_4188_p2              |     +    |      0|  0|   43|          43|           1|
    |tmp_150_fu_4216_p2              |     +    |      0|  0|   43|          43|           1|
    |tmp_151_fu_4228_p2              |     +    |      0|  0|   43|          43|           1|
    |tmp_152_fu_4240_p2              |     +    |      0|  0|   43|          43|           1|
    |tmp_153_fu_4268_p2              |     +    |      0|  0|   43|          43|           1|
    |tmp_154_fu_4280_p2              |     +    |      0|  0|   43|          43|           1|
    |tmp_155_fu_4292_p2              |     +    |      0|  0|   43|          43|           1|
    |tmp_156_fu_4320_p2              |     +    |      0|  0|   43|          43|           1|
    |tmp_157_fu_4332_p2              |     +    |      0|  0|   43|          43|           1|
    |tmp_158_fu_4344_p2              |     +    |      0|  0|   43|          43|           1|
    |tmp_159_fu_4372_p2              |     +    |      0|  0|   43|          43|           1|
    |tmp_15_fu_2158_p2               |     +    |      0|  0|   44|          44|          44|
    |tmp_160_fu_4384_p2              |     +    |      0|  0|   43|          43|           1|
    |tmp_161_fu_4396_p2              |     +    |      0|  0|   43|          43|           1|
    |tmp_162_fu_4424_p2              |     +    |      0|  0|   43|          43|           1|
    |tmp_163_fu_4436_p2              |     +    |      0|  0|   43|          43|           1|
    |tmp_164_fu_4448_p2              |     +    |      0|  0|   43|          43|           1|
    |tmp_165_fu_4476_p2              |     +    |      0|  0|   43|          43|           1|
    |tmp_166_fu_4488_p2              |     +    |      0|  0|   43|          43|           1|
    |tmp_167_fu_4500_p2              |     +    |      0|  0|   43|          43|           1|
    |tmp_17_fu_2182_p2               |     +    |      0|  0|   44|          44|          44|
    |tmp_185_fu_4637_p2              |     +    |      0|  0|   43|          43|           1|
    |tmp_186_fu_4625_p2              |     +    |      0|  0|   43|          43|           1|
    |tmp_187_fu_4613_p2              |     +    |      0|  0|   43|          43|           1|
    |tmp_188_fu_4601_p2              |     +    |      0|  0|   43|          43|           1|
    |tmp_189_fu_4589_p2              |     +    |      0|  0|   43|          43|           1|
    |tmp_190_fu_4577_p2              |     +    |      0|  0|   43|          43|           1|
    |tmp_191_fu_4565_p2              |     +    |      0|  0|   43|          43|           1|
    |tmp_198_fu_4748_p2              |     +    |      0|  0|   43|          43|           1|
    |tmp_199_fu_4736_p2              |     +    |      0|  0|   43|          43|           1|
    |tmp_19_fu_2206_p2               |     +    |      0|  0|   44|          44|          44|
    |tmp_200_fu_4724_p2              |     +    |      0|  0|   43|          43|           1|
    |tmp_201_fu_4712_p2              |     +    |      0|  0|   43|          43|           1|
    |tmp_202_fu_4700_p2              |     +    |      0|  0|   43|          43|           1|
    |tmp_203_fu_4688_p2              |     +    |      0|  0|   43|          43|           1|
    |tmp_204_fu_4676_p2              |     +    |      0|  0|   43|          43|           1|
    |tmp_205_fu_4859_p2              |     +    |      0|  0|   43|          43|           1|
    |tmp_206_fu_4847_p2              |     +    |      0|  0|   43|          43|           1|
    |tmp_207_fu_4835_p2              |     +    |      0|  0|   43|          43|           1|
    |tmp_208_fu_4823_p2              |     +    |      0|  0|   43|          43|           1|
    |tmp_209_fu_4811_p2              |     +    |      0|  0|   43|          43|           1|
    |tmp_210_fu_4799_p2              |     +    |      0|  0|   43|          43|           1|
    |tmp_211_fu_4787_p2              |     +    |      0|  0|   43|          43|           1|
    |tmp_212_fu_4970_p2              |     +    |      0|  0|   43|          43|           1|
    |tmp_213_fu_4958_p2              |     +    |      0|  0|   43|          43|           1|
    |tmp_214_fu_4946_p2              |     +    |      0|  0|   43|          43|           1|
    |tmp_215_fu_4934_p2              |     +    |      0|  0|   43|          43|           1|
    |tmp_216_fu_4922_p2              |     +    |      0|  0|   43|          43|           1|
    |tmp_217_fu_4910_p2              |     +    |      0|  0|   43|          43|           1|
    |tmp_218_fu_4898_p2              |     +    |      0|  0|   43|          43|           1|
    |tmp_219_fu_5081_p2              |     +    |      0|  0|   43|          43|           1|
    |tmp_21_fu_2230_p2               |     +    |      0|  0|   44|          44|          44|
    |tmp_220_fu_5069_p2              |     +    |      0|  0|   43|          43|           1|
    |tmp_221_fu_5057_p2              |     +    |      0|  0|   43|          43|           1|
    |tmp_222_fu_5045_p2              |     +    |      0|  0|   43|          43|           1|
    |tmp_223_fu_5033_p2              |     +    |      0|  0|   43|          43|           1|
    |tmp_224_fu_5021_p2              |     +    |      0|  0|   43|          43|           1|
    |tmp_225_fu_5009_p2              |     +    |      0|  0|   43|          43|           1|
    |tmp_226_fu_5192_p2              |     +    |      0|  0|   43|          43|           1|
    |tmp_227_fu_5180_p2              |     +    |      0|  0|   43|          43|           1|
    |tmp_228_fu_5168_p2              |     +    |      0|  0|   43|          43|           1|
    |tmp_229_fu_5156_p2              |     +    |      0|  0|   43|          43|           1|
    |tmp_230_fu_5144_p2              |     +    |      0|  0|   43|          43|           1|
    |tmp_231_fu_5132_p2              |     +    |      0|  0|   43|          43|           1|
    |tmp_232_fu_5120_p2              |     +    |      0|  0|   43|          43|           1|
    |tmp_233_fu_5303_p2              |     +    |      0|  0|   43|          43|           1|
    |tmp_234_fu_5291_p2              |     +    |      0|  0|   43|          43|           1|
    |tmp_235_fu_5279_p2              |     +    |      0|  0|   43|          43|           1|
    |tmp_236_fu_5267_p2              |     +    |      0|  0|   43|          43|           1|
    |tmp_237_fu_5255_p2              |     +    |      0|  0|   43|          43|           1|
    |tmp_238_fu_5243_p2              |     +    |      0|  0|   43|          43|           1|
    |tmp_239_fu_5231_p2              |     +    |      0|  0|   43|          43|           1|
    |tmp_23_fu_2254_p2               |     +    |      0|  0|   44|          44|          44|
    |tmp_240_fu_5414_p2              |     +    |      0|  0|   43|          43|           1|
    |tmp_241_fu_5402_p2              |     +    |      0|  0|   43|          43|           1|
    |tmp_242_fu_5390_p2              |     +    |      0|  0|   43|          43|           1|
    |tmp_243_fu_5378_p2              |     +    |      0|  0|   43|          43|           1|
    |tmp_244_fu_5366_p2              |     +    |      0|  0|   43|          43|           1|
    |tmp_245_fu_5354_p2              |     +    |      0|  0|   43|          43|           1|
    |tmp_246_fu_5342_p2              |     +    |      0|  0|   43|          43|           1|
    |tmp_247_fu_5525_p2              |     +    |      0|  0|   43|          43|           1|
    |tmp_248_fu_5513_p2              |     +    |      0|  0|   43|          43|           1|
    |tmp_249_fu_5501_p2              |     +    |      0|  0|   43|          43|           1|
    |tmp_250_fu_5489_p2              |     +    |      0|  0|   43|          43|           1|
    |tmp_251_fu_5477_p2              |     +    |      0|  0|   43|          43|           1|
    |tmp_252_fu_5465_p2              |     +    |      0|  0|   43|          43|           1|
    |tmp_253_fu_5453_p2              |     +    |      0|  0|   43|          43|           1|
    |tmp_254_fu_5636_p2              |     +    |      0|  0|   43|          43|           1|
    |tmp_255_fu_5624_p2              |     +    |      0|  0|   43|          43|           1|
    |tmp_256_fu_5612_p2              |     +    |      0|  0|   43|          43|           1|
    |tmp_257_fu_5600_p2              |     +    |      0|  0|   43|          43|           1|
    |tmp_258_fu_5588_p2              |     +    |      0|  0|   43|          43|           1|
    |tmp_259_fu_5576_p2              |     +    |      0|  0|   43|          43|           1|
    |tmp_25_fu_2278_p2               |     +    |      0|  0|   44|          44|          44|
    |tmp_260_fu_5564_p2              |     +    |      0|  0|   43|          43|           1|
    |tmp_261_fu_5747_p2              |     +    |      0|  0|   43|          43|           1|
    |tmp_262_fu_5735_p2              |     +    |      0|  0|   43|          43|           1|
    |tmp_263_fu_5723_p2              |     +    |      0|  0|   43|          43|           1|
    |tmp_264_fu_5711_p2              |     +    |      0|  0|   43|          43|           1|
    |tmp_265_fu_5699_p2              |     +    |      0|  0|   43|          43|           1|
    |tmp_266_fu_5687_p2              |     +    |      0|  0|   43|          43|           1|
    |tmp_267_fu_5675_p2              |     +    |      0|  0|   43|          43|           1|
    |tmp_268_fu_5858_p2              |     +    |      0|  0|   43|          43|           1|
    |tmp_269_fu_5846_p2              |     +    |      0|  0|   43|          43|           1|
    |tmp_270_fu_5834_p2              |     +    |      0|  0|   43|          43|           1|
    |tmp_271_fu_5822_p2              |     +    |      0|  0|   43|          43|           1|
    |tmp_272_fu_5810_p2              |     +    |      0|  0|   43|          43|           1|
    |tmp_273_fu_5798_p2              |     +    |      0|  0|   43|          43|           1|
    |tmp_274_fu_5786_p2              |     +    |      0|  0|   43|          43|           1|
    |tmp_275_fu_5969_p2              |     +    |      0|  0|   43|          43|           1|
    |tmp_276_fu_5957_p2              |     +    |      0|  0|   43|          43|           1|
    |tmp_277_fu_5945_p2              |     +    |      0|  0|   43|          43|           1|
    |tmp_278_fu_5933_p2              |     +    |      0|  0|   43|          43|           1|
    |tmp_279_fu_5921_p2              |     +    |      0|  0|   43|          43|           1|
    |tmp_27_fu_2302_p2               |     +    |      0|  0|   44|          44|          44|
    |tmp_280_fu_5909_p2              |     +    |      0|  0|   43|          43|           1|
    |tmp_281_fu_5897_p2              |     +    |      0|  0|   43|          43|           1|
    |tmp_282_fu_6080_p2              |     +    |      0|  0|   43|          43|           1|
    |tmp_283_fu_6068_p2              |     +    |      0|  0|   43|          43|           1|
    |tmp_284_fu_6056_p2              |     +    |      0|  0|   43|          43|           1|
    |tmp_285_fu_6044_p2              |     +    |      0|  0|   43|          43|           1|
    |tmp_286_fu_6032_p2              |     +    |      0|  0|   43|          43|           1|
    |tmp_287_fu_6020_p2              |     +    |      0|  0|   43|          43|           1|
    |tmp_288_fu_6008_p2              |     +    |      0|  0|   43|          43|           1|
    |tmp_289_fu_6191_p2              |     +    |      0|  0|   43|          43|           1|
    |tmp_290_fu_6179_p2              |     +    |      0|  0|   43|          43|           1|
    |tmp_291_fu_6167_p2              |     +    |      0|  0|   43|          43|           1|
    |tmp_292_fu_6155_p2              |     +    |      0|  0|   43|          43|           1|
    |tmp_293_fu_6143_p2              |     +    |      0|  0|   43|          43|           1|
    |tmp_294_fu_6131_p2              |     +    |      0|  0|   43|          43|           1|
    |tmp_295_fu_6119_p2              |     +    |      0|  0|   43|          43|           1|
    |tmp_296_fu_6302_p2              |     +    |      0|  0|   43|          43|           1|
    |tmp_297_fu_6290_p2              |     +    |      0|  0|   43|          43|           1|
    |tmp_298_fu_6278_p2              |     +    |      0|  0|   43|          43|           1|
    |tmp_299_fu_6266_p2              |     +    |      0|  0|   43|          43|           1|
    |tmp_29_fu_2326_p2               |     +    |      0|  0|   44|          44|          44|
    |tmp_2_fu_2038_p2                |     +    |      0|  0|   44|          44|          44|
    |tmp_300_fu_6254_p2              |     +    |      0|  0|   43|          43|           1|
    |tmp_301_fu_6242_p2              |     +    |      0|  0|   43|          43|           1|
    |tmp_302_fu_6230_p2              |     +    |      0|  0|   43|          43|           1|
    |tmp_31_fu_2350_p2               |     +    |      0|  0|   44|          44|          44|
    |tmp_33_fu_2374_p2               |     +    |      0|  0|   44|          44|          44|
    |tmp_35_fu_2398_p2               |     +    |      0|  0|   44|          44|          44|
    |tmp_37_fu_2422_p2               |     +    |      0|  0|   44|          44|          44|
    |tmp_39_fu_2446_p2               |     +    |      0|  0|   44|          44|          44|
    |tmp_41_fu_2470_p2               |     +    |      0|  0|   44|          44|          44|
    |tmp_43_fu_2494_p2               |     +    |      0|  0|   44|          44|          44|
    |tmp_45_fu_2518_p2               |     +    |      0|  0|   44|          44|          44|
    |tmp_47_fu_2542_p2               |     +    |      0|  0|   44|          44|          44|
    |tmp_49_fu_2566_p2               |     +    |      0|  0|   44|          44|          44|
    |tmp_4_fu_2062_p2                |     +    |      0|  0|   44|          44|          44|
    |tmp_51_fu_2590_p2               |     +    |      0|  0|   44|          44|          44|
    |tmp_53_fu_2614_p2               |     +    |      0|  0|   44|          44|          44|
    |tmp_55_fu_2638_p2               |     +    |      0|  0|   44|          44|          44|
    |tmp_57_fu_2662_p2               |     +    |      0|  0|   44|          44|          44|
    |tmp_59_fu_2686_p2               |     +    |      0|  0|   44|          44|          44|
    |tmp_61_fu_2710_p2               |     +    |      0|  0|   44|          44|          44|
    |tmp_63_fu_2734_p2               |     +    |      0|  0|   44|          44|          44|
    |tmp_65_fu_2758_p2               |     +    |      0|  0|   44|          44|          44|
    |tmp_68_fu_2864_p2               |     +    |      0|  0|   43|          43|           1|
    |tmp_69_fu_2876_p2               |     +    |      0|  0|   43|          43|           1|
    |tmp_70_fu_2888_p2               |     +    |      0|  0|   43|          43|           1|
    |tmp_73_fu_2916_p2               |     +    |      0|  0|   43|          43|           1|
    |tmp_74_fu_2928_p2               |     +    |      0|  0|   43|          43|           1|
    |tmp_75_fu_2940_p2               |     +    |      0|  0|   43|          43|           1|
    |tmp_78_fu_2968_p2               |     +    |      0|  0|   43|          43|           1|
    |tmp_79_fu_2980_p2               |     +    |      0|  0|   43|          43|           1|
    |tmp_80_fu_2992_p2               |     +    |      0|  0|   43|          43|           1|
    |tmp_81_fu_3020_p2               |     +    |      0|  0|   43|          43|           1|
    |tmp_82_fu_3032_p2               |     +    |      0|  0|   43|          43|           1|
    |tmp_83_fu_3044_p2               |     +    |      0|  0|   43|          43|           1|
    |tmp_84_fu_3072_p2               |     +    |      0|  0|   43|          43|           1|
    |tmp_85_fu_3084_p2               |     +    |      0|  0|   43|          43|           1|
    |tmp_86_fu_3096_p2               |     +    |      0|  0|   43|          43|           1|
    |tmp_87_fu_3124_p2               |     +    |      0|  0|   43|          43|           1|
    |tmp_88_fu_3136_p2               |     +    |      0|  0|   43|          43|           1|
    |tmp_89_fu_3148_p2               |     +    |      0|  0|   43|          43|           1|
    |tmp_8_fu_2086_p2                |     +    |      0|  0|   44|          44|          44|
    |tmp_90_fu_3176_p2               |     +    |      0|  0|   43|          43|           1|
    |tmp_91_fu_3188_p2               |     +    |      0|  0|   43|          43|           1|
    |tmp_92_fu_3200_p2               |     +    |      0|  0|   43|          43|           1|
    |tmp_93_fu_3228_p2               |     +    |      0|  0|   43|          43|           1|
    |tmp_94_fu_3240_p2               |     +    |      0|  0|   43|          43|           1|
    |tmp_95_fu_3252_p2               |     +    |      0|  0|   43|          43|           1|
    |tmp_96_fu_3280_p2               |     +    |      0|  0|   43|          43|           1|
    |tmp_97_fu_3292_p2               |     +    |      0|  0|   43|          43|           1|
    |tmp_98_fu_3304_p2               |     +    |      0|  0|   43|          43|           1|
    |tmp_99_fu_3332_p2               |     +    |      0|  0|   43|          43|           1|
    |tmp_s_fu_2014_p2                |     +    |      0|  0|   44|          44|          44|
    |tmp_171_fu_4532_p2              |    and   |      0|  0|    2|           2|           2|
    |tmp_173_fu_4543_p2              |    and   |      0|  0|    2|           2|           2|
    |tmp_177_fu_4554_p2              |    and   |      0|  0|    2|           2|           2|
    |exitcond1_fu_6320_p2            |   icmp   |      0|  0|    3|           6|           7|
    |exitcond2_fu_6422_p2            |   icmp   |      0|  0|    3|           7|           7|
    |exitcond3_fu_1982_p2            |   icmp   |      0|  0|   15|          44|          44|
    |exitcond_fu_6648_p2             |   icmp   |      0|  0|    3|           7|           6|
    |tmp_168_fu_4521_p2              |   icmp   |      0|  0|   11|          32|           2|
    |tmp_172_fu_4537_p2              |   icmp   |      0|  0|    1|           2|           1|
    |tmp_174_fu_4548_p2              |   icmp   |      0|  0|    1|           2|           1|
    |tmp_178_fu_4559_p2              |   icmp   |      0|  0|    1|           2|           1|
    |r_V_100_fu_4982_p2              |   lshr   |      0|  0|   88|          32|          32|
    |r_V_104_fu_4991_p2              |   lshr   |      0|  0|   88|          32|          32|
    |r_V_112_fu_5093_p2              |   lshr   |      0|  0|   88|          32|          32|
    |r_V_114_fu_5102_p2              |   lshr   |      0|  0|   88|          32|          32|
    |r_V_122_fu_5204_p2              |   lshr   |      0|  0|   88|          32|          32|
    |r_V_124_fu_5213_p2              |   lshr   |      0|  0|   88|          32|          32|
    |r_V_132_fu_5315_p2              |   lshr   |      0|  0|   88|          32|          32|
    |r_V_136_fu_5324_p2              |   lshr   |      0|  0|   88|          32|          32|
    |r_V_144_fu_5426_p2              |   lshr   |      0|  0|   88|          32|          32|
    |r_V_146_fu_5435_p2              |   lshr   |      0|  0|   88|          32|          32|
    |r_V_154_fu_5537_p2              |   lshr   |      0|  0|   88|          32|          32|
    |r_V_156_fu_5546_p2              |   lshr   |      0|  0|   88|          32|          32|
    |r_V_164_fu_5648_p2              |   lshr   |      0|  0|   88|          32|          32|
    |r_V_168_fu_5657_p2              |   lshr   |      0|  0|   88|          32|          32|
    |r_V_174_fu_5759_p2              |   lshr   |      0|  0|   88|          32|          32|
    |r_V_176_fu_5768_p2              |   lshr   |      0|  0|   88|          32|          32|
    |r_V_182_fu_5870_p2              |   lshr   |      0|  0|   88|          32|          32|
    |r_V_184_fu_5879_p2              |   lshr   |      0|  0|   88|          32|          32|
    |r_V_190_fu_5981_p2              |   lshr   |      0|  0|   88|          32|          32|
    |r_V_192_fu_5990_p2              |   lshr   |      0|  0|   88|          32|          32|
    |r_V_198_fu_6092_p2              |   lshr   |      0|  0|   88|          32|          32|
    |r_V_200_fu_6101_p2              |   lshr   |      0|  0|   88|          32|          32|
    |r_V_206_fu_6203_p2              |   lshr   |      0|  0|   88|          32|          32|
    |r_V_208_fu_6212_p2              |   lshr   |      0|  0|   88|          32|          32|
    |r_V_52_fu_4667_p2               |   lshr   |      0|  0|   88|          32|          32|
    |r_V_53_fu_4778_p2               |   lshr   |      0|  0|   88|          32|          32|
    |r_V_54_fu_4889_p2               |   lshr   |      0|  0|   88|          32|          32|
    |r_V_55_fu_4658_p2               |   lshr   |      0|  0|   88|          32|          32|
    |r_V_56_fu_5000_p2               |   lshr   |      0|  0|   88|          32|          32|
    |r_V_57_fu_5111_p2               |   lshr   |      0|  0|   88|          32|          32|
    |r_V_58_fu_5222_p2               |   lshr   |      0|  0|   88|          32|          32|
    |r_V_59_fu_5333_p2               |   lshr   |      0|  0|   88|          32|          32|
    |r_V_60_fu_5444_p2               |   lshr   |      0|  0|   88|          32|          32|
    |r_V_61_fu_5555_p2               |   lshr   |      0|  0|   88|          32|          32|
    |r_V_62_fu_5666_p2               |   lshr   |      0|  0|   88|          32|          32|
    |r_V_63_fu_5777_p2               |   lshr   |      0|  0|   88|          32|          32|
    |r_V_64_fu_5888_p2               |   lshr   |      0|  0|   88|          32|          32|
    |r_V_65_fu_5999_p2               |   lshr   |      0|  0|   88|          32|          32|
    |r_V_66_fu_6110_p2               |   lshr   |      0|  0|   88|          32|          32|
    |r_V_67_fu_6221_p2               |   lshr   |      0|  0|   88|          32|          32|
    |r_V_80_fu_4760_p2               |   lshr   |      0|  0|   88|          32|          32|
    |r_V_82_fu_4769_p2               |   lshr   |      0|  0|   88|          32|          32|
    |r_V_90_fu_4871_p2               |   lshr   |      0|  0|   88|          32|          32|
    |r_V_92_fu_4880_p2               |   lshr   |      0|  0|   88|          32|          32|
    |r_V_fu_4649_p2                  |   lshr   |      0|  0|   88|          32|          32|
    |tmp_5_fu_1793_p2                |    shl   |      0|  0|    2|           1|           2|
    |phitmp2_fu_6314_p2              |    xor   |      0|  0|    2|           1|           2|
    |r_V_51_fu_2844_p2               |    xor   |      0|  0|   44|          32|          32|
    |tmp2_fu_2832_p2                 |    xor   |      0|  0|   44|          32|          32|
    |tmp3_fu_2838_p2                 |    xor   |      0|  0|   44|          32|          32|
    |tmp_2_i_fu_2800_p2              |    xor   |      0|  0|   44|          32|          32|
    |tmp_i_fu_2780_p2                |    xor   |      0|  0|   44|          32|          32|
    +--------------------------------+----------+-------+---+-----+------------+------------+
    |Total                           |          |      0|  0|14676|       12158|        3300|
    +--------------------------------+----------+-------+---+-----+------------+------------+

    * Multiplexer: 
    +--------------------------+----+-----------+-----+-----------+
    |           Name           | LUT| Input Size| Bits| Total Bits|
    +--------------------------+----+-----------+-----+-----------+
    |ap_NS_fsm                 |   1|          6|    1|          6|
    |enableThreeSerial_fu_702  |  32|          2|   32|         64|
    |enableTwoSerial_reg_769   |   1|          2|    1|          2|
    |i1_reg_791                |   6|          2|    6|         12|
    |i2_reg_802                |   7|          2|    7|         14|
    |i3_reg_813                |   7|          2|    7|         14|
    |i_reg_780                 |  44|          2|   44|         88|
    |r_V_214_reg_760           |  32|          2|   32|         64|
    +--------------------------+----+-----------+-----+-----------+
    |Total                     | 130|         20|  130|        264|
    +--------------------------+----+-----------+-----+-----------+

    * Register: 
    +--------------------------+-----+----+-----+-----------+
    |           Name           |  FF | LUT| Bits| Const Bits|
    +--------------------------+-----+----+-----+-----------+
    |ap_CS_fsm                 |    5|   0|    5|          0|
    |enableThreeSerial_fu_702  |   32|   0|   32|          0|
    |enableTwoSerial_reg_769   |    1|   0|    1|          0|
    |freqCount_V_0             |   44|   0|   44|          0|
    |freqCount_V_1             |   44|   0|   44|          0|
    |freqCount_V_10            |   44|   0|   44|          0|
    |freqCount_V_11            |   44|   0|   44|          0|
    |freqCount_V_12            |   44|   0|   44|          0|
    |freqCount_V_13            |   44|   0|   44|          0|
    |freqCount_V_14            |   44|   0|   44|          0|
    |freqCount_V_15            |   44|   0|   44|          0|
    |freqCount_V_16            |   44|   0|   44|          0|
    |freqCount_V_17            |   44|   0|   44|          0|
    |freqCount_V_18            |   44|   0|   44|          0|
    |freqCount_V_19            |   44|   0|   44|          0|
    |freqCount_V_2             |   44|   0|   44|          0|
    |freqCount_V_20            |   44|   0|   44|          0|
    |freqCount_V_21            |   44|   0|   44|          0|
    |freqCount_V_22            |   44|   0|   44|          0|
    |freqCount_V_23            |   44|   0|   44|          0|
    |freqCount_V_24            |   44|   0|   44|          0|
    |freqCount_V_25            |   44|   0|   44|          0|
    |freqCount_V_26            |   44|   0|   44|          0|
    |freqCount_V_27            |   44|   0|   44|          0|
    |freqCount_V_28            |   44|   0|   44|          0|
    |freqCount_V_29            |   44|   0|   44|          0|
    |freqCount_V_3             |   44|   0|   44|          0|
    |freqCount_V_30            |   44|   0|   44|          0|
    |freqCount_V_31            |   44|   0|   44|          0|
    |freqCount_V_4             |   44|   0|   44|          0|
    |freqCount_V_5             |   44|   0|   44|          0|
    |freqCount_V_6             |   44|   0|   44|          0|
    |freqCount_V_7             |   44|   0|   44|          0|
    |freqCount_V_8             |   44|   0|   44|          0|
    |freqCount_V_9             |   44|   0|   44|          0|
    |i1_reg_791                |    6|   0|    6|          0|
    |i2_reg_802                |    7|   0|    7|          0|
    |i3_reg_813                |    7|   0|    7|          0|
    |i_reg_780                 |   44|   0|   44|          0|
    |n_V_read_reg_6919         |   44|   0|   44|          0|
    |r_V_214_reg_760           |   32|   0|   32|          0|
    |seed_prev_prev_V_fu_698   |   32|   0|   32|          0|
    |serialThreeCount_V_0      |   43|   0|   43|          0|
    |serialThreeCount_V_1      |   43|   0|   43|          0|
    |serialThreeCount_V_10     |   43|   0|   43|          0|
    |serialThreeCount_V_100    |   43|   0|   43|          0|
    |serialThreeCount_V_101    |   43|   0|   43|          0|
    |serialThreeCount_V_102    |   43|   0|   43|          0|
    |serialThreeCount_V_103    |   43|   0|   43|          0|
    |serialThreeCount_V_104    |   43|   0|   43|          0|
    |serialThreeCount_V_105    |   43|   0|   43|          0|
    |serialThreeCount_V_106    |   43|   0|   43|          0|
    |serialThreeCount_V_107    |   43|   0|   43|          0|
    |serialThreeCount_V_108    |   43|   0|   43|          0|
    |serialThreeCount_V_109    |   43|   0|   43|          0|
    |serialThreeCount_V_11     |   43|   0|   43|          0|
    |serialThreeCount_V_110    |   43|   0|   43|          0|
    |serialThreeCount_V_111    |   43|   0|   43|          0|
    |serialThreeCount_V_12     |   43|   0|   43|          0|
    |serialThreeCount_V_13     |   43|   0|   43|          0|
    |serialThreeCount_V_14     |   43|   0|   43|          0|
    |serialThreeCount_V_15     |   43|   0|   43|          0|
    |serialThreeCount_V_16     |   43|   0|   43|          0|
    |serialThreeCount_V_17     |   43|   0|   43|          0|
    |serialThreeCount_V_18     |   43|   0|   43|          0|
    |serialThreeCount_V_19     |   43|   0|   43|          0|
    |serialThreeCount_V_2      |   43|   0|   43|          0|
    |serialThreeCount_V_20     |   43|   0|   43|          0|
    |serialThreeCount_V_21     |   43|   0|   43|          0|
    |serialThreeCount_V_22     |   43|   0|   43|          0|
    |serialThreeCount_V_23     |   43|   0|   43|          0|
    |serialThreeCount_V_24     |   43|   0|   43|          0|
    |serialThreeCount_V_25     |   43|   0|   43|          0|
    |serialThreeCount_V_26     |   43|   0|   43|          0|
    |serialThreeCount_V_27     |   43|   0|   43|          0|
    |serialThreeCount_V_28     |   43|   0|   43|          0|
    |serialThreeCount_V_29     |   43|   0|   43|          0|
    |serialThreeCount_V_3      |   43|   0|   43|          0|
    |serialThreeCount_V_30     |   43|   0|   43|          0|
    |serialThreeCount_V_31     |   43|   0|   43|          0|
    |serialThreeCount_V_32     |   43|   0|   43|          0|
    |serialThreeCount_V_33     |   43|   0|   43|          0|
    |serialThreeCount_V_34     |   43|   0|   43|          0|
    |serialThreeCount_V_35     |   43|   0|   43|          0|
    |serialThreeCount_V_36     |   43|   0|   43|          0|
    |serialThreeCount_V_37     |   43|   0|   43|          0|
    |serialThreeCount_V_38     |   43|   0|   43|          0|
    |serialThreeCount_V_39     |   43|   0|   43|          0|
    |serialThreeCount_V_4      |   43|   0|   43|          0|
    |serialThreeCount_V_40     |   43|   0|   43|          0|
    |serialThreeCount_V_41     |   43|   0|   43|          0|
    |serialThreeCount_V_42     |   43|   0|   43|          0|
    |serialThreeCount_V_43     |   43|   0|   43|          0|
    |serialThreeCount_V_44     |   43|   0|   43|          0|
    |serialThreeCount_V_45     |   43|   0|   43|          0|
    |serialThreeCount_V_46     |   43|   0|   43|          0|
    |serialThreeCount_V_47     |   43|   0|   43|          0|
    |serialThreeCount_V_48     |   43|   0|   43|          0|
    |serialThreeCount_V_49     |   43|   0|   43|          0|
    |serialThreeCount_V_5      |   43|   0|   43|          0|
    |serialThreeCount_V_50     |   43|   0|   43|          0|
    |serialThreeCount_V_51     |   43|   0|   43|          0|
    |serialThreeCount_V_52     |   43|   0|   43|          0|
    |serialThreeCount_V_53     |   43|   0|   43|          0|
    |serialThreeCount_V_54     |   43|   0|   43|          0|
    |serialThreeCount_V_55     |   43|   0|   43|          0|
    |serialThreeCount_V_56     |   43|   0|   43|          0|
    |serialThreeCount_V_57     |   43|   0|   43|          0|
    |serialThreeCount_V_58     |   43|   0|   43|          0|
    |serialThreeCount_V_59     |   43|   0|   43|          0|
    |serialThreeCount_V_6      |   43|   0|   43|          0|
    |serialThreeCount_V_60     |   43|   0|   43|          0|
    |serialThreeCount_V_61     |   43|   0|   43|          0|
    |serialThreeCount_V_62     |   43|   0|   43|          0|
    |serialThreeCount_V_63     |   43|   0|   43|          0|
    |serialThreeCount_V_64     |   43|   0|   43|          0|
    |serialThreeCount_V_65     |   43|   0|   43|          0|
    |serialThreeCount_V_66     |   43|   0|   43|          0|
    |serialThreeCount_V_67     |   43|   0|   43|          0|
    |serialThreeCount_V_68     |   43|   0|   43|          0|
    |serialThreeCount_V_69     |   43|   0|   43|          0|
    |serialThreeCount_V_7      |   43|   0|   43|          0|
    |serialThreeCount_V_70     |   43|   0|   43|          0|
    |serialThreeCount_V_71     |   43|   0|   43|          0|
    |serialThreeCount_V_72     |   43|   0|   43|          0|
    |serialThreeCount_V_73     |   43|   0|   43|          0|
    |serialThreeCount_V_74     |   43|   0|   43|          0|
    |serialThreeCount_V_75     |   43|   0|   43|          0|
    |serialThreeCount_V_76     |   43|   0|   43|          0|
    |serialThreeCount_V_77     |   43|   0|   43|          0|
    |serialThreeCount_V_78     |   43|   0|   43|          0|
    |serialThreeCount_V_79     |   43|   0|   43|          0|
    |serialThreeCount_V_8      |   43|   0|   43|          0|
    |serialThreeCount_V_80     |   43|   0|   43|          0|
    |serialThreeCount_V_81     |   43|   0|   43|          0|
    |serialThreeCount_V_82     |   43|   0|   43|          0|
    |serialThreeCount_V_83     |   43|   0|   43|          0|
    |serialThreeCount_V_84     |   43|   0|   43|          0|
    |serialThreeCount_V_85     |   43|   0|   43|          0|
    |serialThreeCount_V_86     |   43|   0|   43|          0|
    |serialThreeCount_V_87     |   43|   0|   43|          0|
    |serialThreeCount_V_88     |   43|   0|   43|          0|
    |serialThreeCount_V_89     |   43|   0|   43|          0|
    |serialThreeCount_V_9      |   43|   0|   43|          0|
    |serialThreeCount_V_90     |   43|   0|   43|          0|
    |serialThreeCount_V_91     |   43|   0|   43|          0|
    |serialThreeCount_V_92     |   43|   0|   43|          0|
    |serialThreeCount_V_93     |   43|   0|   43|          0|
    |serialThreeCount_V_94     |   43|   0|   43|          0|
    |serialThreeCount_V_95     |   43|   0|   43|          0|
    |serialThreeCount_V_96     |   43|   0|   43|          0|
    |serialThreeCount_V_97     |   43|   0|   43|          0|
    |serialThreeCount_V_98     |   43|   0|   43|          0|
    |serialThreeCount_V_99     |   43|   0|   43|          0|
    |serialTwoCount_V_0        |   43|   0|   43|          0|
    |serialTwoCount_V_1        |   43|   0|   43|          0|
    |serialTwoCount_V_10       |   43|   0|   43|          0|
    |serialTwoCount_V_11       |   43|   0|   43|          0|
    |serialTwoCount_V_12       |   43|   0|   43|          0|
    |serialTwoCount_V_13       |   43|   0|   43|          0|
    |serialTwoCount_V_14       |   43|   0|   43|          0|
    |serialTwoCount_V_15       |   43|   0|   43|          0|
    |serialTwoCount_V_16       |   43|   0|   43|          0|
    |serialTwoCount_V_17       |   43|   0|   43|          0|
    |serialTwoCount_V_18       |   43|   0|   43|          0|
    |serialTwoCount_V_19       |   43|   0|   43|          0|
    |serialTwoCount_V_2        |   43|   0|   43|          0|
    |serialTwoCount_V_20       |   43|   0|   43|          0|
    |serialTwoCount_V_21       |   43|   0|   43|          0|
    |serialTwoCount_V_22       |   43|   0|   43|          0|
    |serialTwoCount_V_23       |   43|   0|   43|          0|
    |serialTwoCount_V_24       |   43|   0|   43|          0|
    |serialTwoCount_V_25       |   43|   0|   43|          0|
    |serialTwoCount_V_26       |   43|   0|   43|          0|
    |serialTwoCount_V_27       |   43|   0|   43|          0|
    |serialTwoCount_V_28       |   43|   0|   43|          0|
    |serialTwoCount_V_29       |   43|   0|   43|          0|
    |serialTwoCount_V_3        |   43|   0|   43|          0|
    |serialTwoCount_V_30       |   43|   0|   43|          0|
    |serialTwoCount_V_31       |   43|   0|   43|          0|
    |serialTwoCount_V_32       |   43|   0|   43|          0|
    |serialTwoCount_V_33       |   43|   0|   43|          0|
    |serialTwoCount_V_34       |   43|   0|   43|          0|
    |serialTwoCount_V_35       |   43|   0|   43|          0|
    |serialTwoCount_V_36       |   43|   0|   43|          0|
    |serialTwoCount_V_37       |   43|   0|   43|          0|
    |serialTwoCount_V_38       |   43|   0|   43|          0|
    |serialTwoCount_V_39       |   43|   0|   43|          0|
    |serialTwoCount_V_4        |   43|   0|   43|          0|
    |serialTwoCount_V_40       |   43|   0|   43|          0|
    |serialTwoCount_V_41       |   43|   0|   43|          0|
    |serialTwoCount_V_42       |   43|   0|   43|          0|
    |serialTwoCount_V_43       |   43|   0|   43|          0|
    |serialTwoCount_V_44       |   43|   0|   43|          0|
    |serialTwoCount_V_45       |   43|   0|   43|          0|
    |serialTwoCount_V_46       |   43|   0|   43|          0|
    |serialTwoCount_V_47       |   43|   0|   43|          0|
    |serialTwoCount_V_48       |   43|   0|   43|          0|
    |serialTwoCount_V_49       |   43|   0|   43|          0|
    |serialTwoCount_V_5        |   43|   0|   43|          0|
    |serialTwoCount_V_50       |   43|   0|   43|          0|
    |serialTwoCount_V_51       |   43|   0|   43|          0|
    |serialTwoCount_V_52       |   43|   0|   43|          0|
    |serialTwoCount_V_53       |   43|   0|   43|          0|
    |serialTwoCount_V_54       |   43|   0|   43|          0|
    |serialTwoCount_V_55       |   43|   0|   43|          0|
    |serialTwoCount_V_56       |   43|   0|   43|          0|
    |serialTwoCount_V_57       |   43|   0|   43|          0|
    |serialTwoCount_V_58       |   43|   0|   43|          0|
    |serialTwoCount_V_59       |   43|   0|   43|          0|
    |serialTwoCount_V_6        |   43|   0|   43|          0|
    |serialTwoCount_V_60       |   43|   0|   43|          0|
    |serialTwoCount_V_61       |   43|   0|   43|          0|
    |serialTwoCount_V_62       |   43|   0|   43|          0|
    |serialTwoCount_V_63       |   43|   0|   43|          0|
    |serialTwoCount_V_64       |   43|   0|   43|          0|
    |serialTwoCount_V_65       |   43|   0|   43|          0|
    |serialTwoCount_V_66       |   43|   0|   43|          0|
    |serialTwoCount_V_67       |   43|   0|   43|          0|
    |serialTwoCount_V_68       |   43|   0|   43|          0|
    |serialTwoCount_V_69       |   43|   0|   43|          0|
    |serialTwoCount_V_7        |   43|   0|   43|          0|
    |serialTwoCount_V_70       |   43|   0|   43|          0|
    |serialTwoCount_V_71       |   43|   0|   43|          0|
    |serialTwoCount_V_72       |   43|   0|   43|          0|
    |serialTwoCount_V_73       |   43|   0|   43|          0|
    |serialTwoCount_V_74       |   43|   0|   43|          0|
    |serialTwoCount_V_75       |   43|   0|   43|          0|
    |serialTwoCount_V_76       |   43|   0|   43|          0|
    |serialTwoCount_V_77       |   43|   0|   43|          0|
    |serialTwoCount_V_78       |   43|   0|   43|          0|
    |serialTwoCount_V_79       |   43|   0|   43|          0|
    |serialTwoCount_V_8        |   43|   0|   43|          0|
    |serialTwoCount_V_80       |   43|   0|   43|          0|
    |serialTwoCount_V_81       |   43|   0|   43|          0|
    |serialTwoCount_V_82       |   43|   0|   43|          0|
    |serialTwoCount_V_83       |   43|   0|   43|          0|
    |serialTwoCount_V_84       |   43|   0|   43|          0|
    |serialTwoCount_V_85       |   43|   0|   43|          0|
    |serialTwoCount_V_86       |   43|   0|   43|          0|
    |serialTwoCount_V_87       |   43|   0|   43|          0|
    |serialTwoCount_V_88       |   43|   0|   43|          0|
    |serialTwoCount_V_89       |   43|   0|   43|          0|
    |serialTwoCount_V_9        |   43|   0|   43|          0|
    |serialTwoCount_V_90       |   43|   0|   43|          0|
    |serialTwoCount_V_91       |   43|   0|   43|          0|
    |serialTwoCount_V_92       |   43|   0|   43|          0|
    |serialTwoCount_V_93       |   43|   0|   43|          0|
    |serialTwoCount_V_94       |   43|   0|   43|          0|
    |serialTwoCount_V_95       |   43|   0|   43|          0|
    |tmp_169_reg_6964          |    1|   0|   32|         31|
    |tmp_170_reg_6971          |    1|   0|   32|         31|
    |tmp_175_reg_6978          |    1|   0|   32|         31|
    |tmp_176_reg_6985          |    1|   0|   32|         31|
    |tmp_179_reg_6992          |    1|   0|   32|         31|
    |tmp_180_reg_6999          |    1|   0|   32|         31|
    |tmp_181_reg_7006          |    1|   0|   32|         31|
    |tmp_182_reg_7013          |    1|   0|   32|         31|
    |tmp_183_reg_7020          |    1|   0|   32|         31|
    |tmp_184_reg_7027          |    1|   0|   32|         31|
    |tmp_193_reg_7034          |    1|   0|   32|         31|
    |tmp_5_reg_6929            |    2|   0|    2|          0|
    |tmp_67_reg_6943           |    1|   0|   32|         31|
    |tmp_6_reg_6936            |    1|   0|   32|         31|
    |tmp_72_reg_6950           |    1|   0|   32|         31|
    |tmp_77_reg_6957           |    1|   0|   32|         31|
    |x_V                       |   32|   0|   32|          0|
    |y_V                       |   32|   0|   32|          0|
    |z_V                       |   32|   0|   32|          0|
    +--------------------------+-----+----+-----+-----------+
    |Total                     |10675|   0|11140|        465|
    +--------------------------+-----+----+-----+-----------+



================================================================
== Interface
================================================================
* Summary: 
+-------------------------------+-----+-----+------------+-----------------+--------------+
|           RTL Ports           | Dir | Bits|  Protocol  |  Source Object  |    C Type    |
+-------------------------------+-----+-----+------------+-----------------+--------------+
|s_axi_FREQ_PERIPH_BUS_AWVALID  |  in |    1|    s_axi   | FREQ_PERIPH_BUS |    scalar    |
|s_axi_FREQ_PERIPH_BUS_AWREADY  | out |    1|    s_axi   | FREQ_PERIPH_BUS |    scalar    |
|s_axi_FREQ_PERIPH_BUS_AWADDR   |  in |   11|    s_axi   | FREQ_PERIPH_BUS |    scalar    |
|s_axi_FREQ_PERIPH_BUS_WVALID   |  in |    1|    s_axi   | FREQ_PERIPH_BUS |    scalar    |
|s_axi_FREQ_PERIPH_BUS_WREADY   | out |    1|    s_axi   | FREQ_PERIPH_BUS |    scalar    |
|s_axi_FREQ_PERIPH_BUS_WDATA    |  in |   32|    s_axi   | FREQ_PERIPH_BUS |    scalar    |
|s_axi_FREQ_PERIPH_BUS_WSTRB    |  in |    4|    s_axi   | FREQ_PERIPH_BUS |    scalar    |
|s_axi_FREQ_PERIPH_BUS_ARVALID  |  in |    1|    s_axi   | FREQ_PERIPH_BUS |    scalar    |
|s_axi_FREQ_PERIPH_BUS_ARREADY  | out |    1|    s_axi   | FREQ_PERIPH_BUS |    scalar    |
|s_axi_FREQ_PERIPH_BUS_ARADDR   |  in |   11|    s_axi   | FREQ_PERIPH_BUS |    scalar    |
|s_axi_FREQ_PERIPH_BUS_RVALID   | out |    1|    s_axi   | FREQ_PERIPH_BUS |    scalar    |
|s_axi_FREQ_PERIPH_BUS_RREADY   |  in |    1|    s_axi   | FREQ_PERIPH_BUS |    scalar    |
|s_axi_FREQ_PERIPH_BUS_RDATA    | out |   32|    s_axi   | FREQ_PERIPH_BUS |    scalar    |
|s_axi_FREQ_PERIPH_BUS_RRESP    | out |    2|    s_axi   | FREQ_PERIPH_BUS |    scalar    |
|s_axi_FREQ_PERIPH_BUS_BVALID   | out |    1|    s_axi   | FREQ_PERIPH_BUS |    scalar    |
|s_axi_FREQ_PERIPH_BUS_BREADY   |  in |    1|    s_axi   | FREQ_PERIPH_BUS |    scalar    |
|s_axi_FREQ_PERIPH_BUS_BRESP    | out |    2|    s_axi   | FREQ_PERIPH_BUS |    scalar    |
|ap_clk                         |  in |    1| ap_ctrl_hs |   freq_serial   | return value |
|ap_rst_n                       |  in |    1| ap_ctrl_hs |   freq_serial   | return value |
|interrupt                      | out |    1| ap_ctrl_hs |   freq_serial   | return value |
+-------------------------------+-----+-----+------------+-----------------+--------------+

